Apache Maven 3.9.9 (8e8579a9e76f7d015ee5ec7bfcdc97d260186937)
Maven home: C:\Program Files\Maven\apache-maven-3.9.9
Java version: 17.0.7, vendor: Oracle Corporation, runtime: C:\Program Files\Java\jdk-17
Default locale: en_IN, platform encoding: Cp1252
OS name: "windows 10", version: "10.0", arch: "amd64", family: "windows"
[DEBUG] Created new class realm maven.api
[DEBUG] Importing foreign packages into class realm maven.api
[DEBUG]   Imported: javax.annotation.* < plexus.core
[DEBUG]   Imported: javax.annotation.security.* < plexus.core
[DEBUG]   Imported: javax.inject.* < plexus.core
[DEBUG]   Imported: org.apache.maven.* < plexus.core
[DEBUG]   Imported: org.apache.maven.artifact < plexus.core
[DEBUG]   Imported: org.apache.maven.classrealm < plexus.core
[DEBUG]   Imported: org.apache.maven.cli < plexus.core
[DEBUG]   Imported: org.apache.maven.configuration < plexus.core
[DEBUG]   Imported: org.apache.maven.exception < plexus.core
[DEBUG]   Imported: org.apache.maven.execution < plexus.core
[DEBUG]   Imported: org.apache.maven.execution.scope < plexus.core
[DEBUG]   Imported: org.apache.maven.graph < plexus.core
[DEBUG]   Imported: org.apache.maven.lifecycle < plexus.core
[DEBUG]   Imported: org.apache.maven.model < plexus.core
[DEBUG]   Imported: org.apache.maven.monitor < plexus.core
[DEBUG]   Imported: org.apache.maven.plugin < plexus.core
[DEBUG]   Imported: org.apache.maven.profiles < plexus.core
[DEBUG]   Imported: org.apache.maven.project < plexus.core
[DEBUG]   Imported: org.apache.maven.reporting < plexus.core
[DEBUG]   Imported: org.apache.maven.repository < plexus.core
[DEBUG]   Imported: org.apache.maven.rtinfo < plexus.core
[DEBUG]   Imported: org.apache.maven.settings < plexus.core
[DEBUG]   Imported: org.apache.maven.toolchain < plexus.core
[DEBUG]   Imported: org.apache.maven.usability < plexus.core
[DEBUG]   Imported: org.apache.maven.wagon.* < plexus.core
[DEBUG]   Imported: org.apache.maven.wagon.authentication < plexus.core
[DEBUG]   Imported: org.apache.maven.wagon.authorization < plexus.core
[DEBUG]   Imported: org.apache.maven.wagon.events < plexus.core
[DEBUG]   Imported: org.apache.maven.wagon.observers < plexus.core
[DEBUG]   Imported: org.apache.maven.wagon.proxy < plexus.core
[DEBUG]   Imported: org.apache.maven.wagon.repository < plexus.core
[DEBUG]   Imported: org.apache.maven.wagon.resource < plexus.core
[DEBUG]   Imported: org.codehaus.classworlds < plexus.core
[DEBUG]   Imported: org.codehaus.plexus.* < plexus.core
[DEBUG]   Imported: org.codehaus.plexus.classworlds < plexus.core
[DEBUG]   Imported: org.codehaus.plexus.component < plexus.core
[DEBUG]   Imported: org.codehaus.plexus.configuration < plexus.core
[DEBUG]   Imported: org.codehaus.plexus.container < plexus.core
[DEBUG]   Imported: org.codehaus.plexus.context < plexus.core
[DEBUG]   Imported: org.codehaus.plexus.lifecycle < plexus.core
[DEBUG]   Imported: org.codehaus.plexus.logging < plexus.core
[DEBUG]   Imported: org.codehaus.plexus.personality < plexus.core
[DEBUG]   Imported: org.codehaus.plexus.util.xml.Xpp3Dom < plexus.core
[DEBUG]   Imported: org.codehaus.plexus.util.xml.pull.XmlPullParser < plexus.core
[DEBUG]   Imported: org.codehaus.plexus.util.xml.pull.XmlPullParserException < plexus.core
[DEBUG]   Imported: org.codehaus.plexus.util.xml.pull.XmlSerializer < plexus.core
[DEBUG]   Imported: org.eclipse.aether.* < plexus.core
[DEBUG]   Imported: org.eclipse.aether.artifact < plexus.core
[DEBUG]   Imported: org.eclipse.aether.collection < plexus.core
[DEBUG]   Imported: org.eclipse.aether.deployment < plexus.core
[DEBUG]   Imported: org.eclipse.aether.graph < plexus.core
[DEBUG]   Imported: org.eclipse.aether.impl < plexus.core
[DEBUG]   Imported: org.eclipse.aether.installation < plexus.core
[DEBUG]   Imported: org.eclipse.aether.internal.impl < plexus.core
[DEBUG]   Imported: org.eclipse.aether.metadata < plexus.core
[DEBUG]   Imported: org.eclipse.aether.repository < plexus.core
[DEBUG]   Imported: org.eclipse.aether.resolution < plexus.core
[DEBUG]   Imported: org.eclipse.aether.spi < plexus.core
[DEBUG]   Imported: org.eclipse.aether.transfer < plexus.core
[DEBUG]   Imported: org.eclipse.aether.util < plexus.core
[DEBUG]   Imported: org.eclipse.aether.version < plexus.core
[DEBUG]   Imported: org.fusesource.jansi.* < plexus.core
[DEBUG]   Imported: org.slf4j.* < plexus.core
[DEBUG]   Imported: org.slf4j.event.* < plexus.core
[DEBUG]   Imported: org.slf4j.helpers.* < plexus.core
[DEBUG]   Imported: org.slf4j.spi.* < plexus.core
[DEBUG] Populating class realm maven.api
[DEBUG] Created adapter factory; available factories [file-lock, rwlock-local, semaphore-local, noop]; available name mappers [discriminating, file-gav, file-hgav, file-static, gav, static]
[INFO] Error stacktraces are turned on.
[DEBUG] Message scheme: color
[DEBUG] Message styles: debug info warning error success failure strong mojo project
[DEBUG] Reading global settings from C:\Program Files\Maven\apache-maven-3.9.9\conf\settings.xml
[DEBUG] Reading user settings from C:\Users\Dell\.m2\settings.xml
[DEBUG] Reading global toolchains from C:\Program Files\Maven\apache-maven-3.9.9\conf\toolchains.xml
[DEBUG] Reading user toolchains from C:\Users\Dell\.m2\toolchains.xml
[DEBUG] Using local repository at C:\Users\Dell\.m2\repository
[DEBUG] Using manager EnhancedLocalRepositoryManager with priority 10.0 for C:\Users\Dell\.m2\repository
[INFO] Scanning for projects...
[DEBUG] Extension realms for project SeleniumPOMTestNGFramework:SeleniumPOMTestNGFramework:jar:0.0.1-SNAPSHOT: (none)
[DEBUG] Looking up lifecycle mappings for packaging jar from ClassRealm[plexus.core, parent: null]
[DEBUG] === REACTOR BUILD PLAN ================================================
[DEBUG] Project: SeleniumPOMTestNGFramework:SeleniumPOMTestNGFramework:jar:0.0.1-SNAPSHOT
[DEBUG] Tasks:   [clean, compile]
[DEBUG] Style:   Regular
[DEBUG] =======================================================================
[INFO] 
[INFO] -------< SeleniumPOMTestNGFramework:SeleniumPOMTestNGFramework >--------
[INFO] Building SeleniumPOMTestNGFramework 0.0.1-SNAPSHOT
[INFO]   from pom.xml
[INFO] --------------------------------[ jar ]---------------------------------
[DEBUG] Lifecycle clean -> [pre-clean, clean, post-clean]
[DEBUG] Lifecycle default -> [validate, initialize, generate-sources, process-sources, generate-resources, process-resources, compile, process-classes, generate-test-sources, process-test-sources, generate-test-resources, process-test-resources, test-compile, process-test-classes, test, prepare-package, package, pre-integration-test, integration-test, post-integration-test, verify, install, deploy]
[DEBUG] Lifecycle site -> [pre-site, site, post-site, site-deploy]
[DEBUG] Lifecycle clean -> [pre-clean, clean, post-clean]
[DEBUG] Lifecycle default -> [validate, initialize, generate-sources, process-sources, generate-resources, process-resources, compile, process-classes, generate-test-sources, process-test-sources, generate-test-resources, process-test-resources, test-compile, process-test-classes, test, prepare-package, package, pre-integration-test, integration-test, post-integration-test, verify, install, deploy]
[DEBUG] Lifecycle site -> [pre-site, site, post-site, site-deploy]
[DEBUG] Creating adapter using nameMapper 'gav' and factory 'rwlock-local'
[DEBUG] Lifecycle clean -> [pre-clean, clean, post-clean]
[DEBUG] Lifecycle default -> [validate, initialize, generate-sources, process-sources, generate-resources, process-resources, compile, process-classes, generate-test-sources, process-test-sources, generate-test-resources, process-test-resources, test-compile, process-test-classes, test, prepare-package, package, pre-integration-test, integration-test, post-integration-test, verify, install, deploy]
[DEBUG] Lifecycle site -> [pre-site, site, post-site, site-deploy]
[DEBUG] Lifecycle clean -> [pre-clean, clean, post-clean]
[DEBUG] Lifecycle default -> [validate, initialize, generate-sources, process-sources, generate-resources, process-resources, compile, process-classes, generate-test-sources, process-test-sources, generate-test-resources, process-test-resources, test-compile, process-test-classes, test, prepare-package, package, pre-integration-test, integration-test, post-integration-test, verify, install, deploy]
[DEBUG] Lifecycle site -> [pre-site, site, post-site, site-deploy]
[DEBUG] Lifecycle clean -> [pre-clean, clean, post-clean]
[DEBUG] Lifecycle default -> [validate, initialize, generate-sources, process-sources, generate-resources, process-resources, compile, process-classes, generate-test-sources, process-test-sources, generate-test-resources, process-test-resources, test-compile, process-test-classes, test, prepare-package, package, pre-integration-test, integration-test, post-integration-test, verify, install, deploy]
[DEBUG] Lifecycle site -> [pre-site, site, post-site, site-deploy]
[DEBUG] === PROJECT BUILD PLAN ================================================
[DEBUG] Project:       SeleniumPOMTestNGFramework:SeleniumPOMTestNGFramework:0.0.1-SNAPSHOT
[DEBUG] Dependencies (collect): []
[DEBUG] Dependencies (resolve): [compile]
[DEBUG] Repositories (dependencies): [central (https://repo.maven.apache.org/maven2, default, releases+snapshots)]
[DEBUG] Repositories (plugins)     : [central (https://repo.maven.apache.org/maven2, default, releases)]
[DEBUG] -----------------------------------------------------------------------
[DEBUG] Goal:          org.apache.maven.plugins:maven-clean-plugin:3.2.0:clean (default-clean)
[DEBUG] Style:         Regular
[DEBUG] Configuration: <?xml version="1.0" encoding="UTF-8"?>
<configuration>
  <directory default-value="${project.build.directory}"/>
  <excludeDefaultDirectories default-value="false">${maven.clean.excludeDefaultDirectories}</excludeDefaultDirectories>
  <failOnError default-value="true">${maven.clean.failOnError}</failOnError>
  <fast default-value="false">${maven.clean.fast}</fast>
  <fastDir>${maven.clean.fastDir}</fastDir>
  <fastMode default-value="background">${maven.clean.fastMode}</fastMode>
  <followSymLinks default-value="false">${maven.clean.followSymLinks}</followSymLinks>
  <outputDirectory default-value="${project.build.outputDirectory}"/>
  <reportDirectory default-value="${project.build.outputDirectory}"/>
  <retryOnError default-value="true">${maven.clean.retryOnError}</retryOnError>
  <session default-value="${session}"/>
  <skip default-value="false">${maven.clean.skip}</skip>
  <testOutputDirectory default-value="${project.build.testOutputDirectory}"/>
  <verbose>${maven.clean.verbose}</verbose>
</configuration>
[DEBUG] -----------------------------------------------------------------------
[DEBUG] Goal:          org.apache.maven.plugins:maven-resources-plugin:3.3.1:resources (default-resources)
[DEBUG] Style:         Regular
[DEBUG] Configuration: <?xml version="1.0" encoding="UTF-8"?>
<configuration>
  <addDefaultExcludes default-value="true"/>
  <buildFilters default-value="${project.build.filters}"/>
  <encoding default-value="${project.build.sourceEncoding}"/>
  <escapeWindowsPaths default-value="true"/>
  <fileNameFiltering default-value="false"/>
  <includeEmptyDirs default-value="false"/>
  <outputDirectory default-value="${project.build.outputDirectory}"/>
  <overwrite default-value="false"/>
  <project default-value="${project}"/>
  <resources default-value="${project.resources}"/>
  <session default-value="${session}"/>
  <skip default-value="false">${maven.resources.skip}</skip>
  <supportMultiLineFiltering default-value="false"/>
  <useBuildFilters default-value="true"/>
  <useDefaultDelimiters default-value="true"/>
</configuration>
[DEBUG] -----------------------------------------------------------------------
[DEBUG] Goal:          org.apache.maven.plugins:maven-compiler-plugin:3.10.1:compile (default-compile)
[DEBUG] Style:         Regular
[DEBUG] Configuration: <?xml version="1.0" encoding="UTF-8"?>
<configuration>
  <basedir default-value="${basedir}"/>
  <buildDirectory default-value="${project.build.directory}"/>
  <compilePath default-value="${project.compileClasspathElements}"/>
  <compileSourceRoots default-value="${project.compileSourceRoots}"/>
  <compilerId default-value="javac">${maven.compiler.compilerId}</compilerId>
  <compilerReuseStrategy default-value="${reuseCreated}">${maven.compiler.compilerReuseStrategy}</compilerReuseStrategy>
  <compilerVersion>${maven.compiler.compilerVersion}</compilerVersion>
  <createMissingPackageInfoClass default-value="true">${maven.compiler.createMissingPackageInfoClass}</createMissingPackageInfoClass>
  <debug default-value="true">${maven.compiler.debug}</debug>
  <debugFileName default-value="javac"/>
  <debuglevel>${maven.compiler.debuglevel}</debuglevel>
  <enablePreview default-value="false">${maven.compiler.enablePreview}</enablePreview>
  <encoding default-value="${project.build.sourceEncoding}">${encoding}</encoding>
  <executable>${maven.compiler.executable}</executable>
  <failOnError default-value="true">${maven.compiler.failOnError}</failOnError>
  <failOnWarning default-value="false">${maven.compiler.failOnWarning}</failOnWarning>
  <forceJavacCompilerUse default-value="false">${maven.compiler.forceJavacCompilerUse}</forceJavacCompilerUse>
  <fork default-value="false">${maven.compiler.fork}</fork>
  <generatedSourcesDirectory default-value="${project.build.directory}/generated-sources/annotations"/>
  <maxmem>${maven.compiler.maxmem}</maxmem>
  <meminitial>${maven.compiler.meminitial}</meminitial>
  <mojoExecution default-value="${mojoExecution}"/>
  <optimize default-value="false">${maven.compiler.optimize}</optimize>
  <outputDirectory default-value="${project.build.outputDirectory}"/>
  <parameters default-value="false">${maven.compiler.parameters}</parameters>
  <project default-value="${project}"/>
  <projectArtifact default-value="${project.artifact}"/>
  <release>${maven.compiler.release}</release>
  <session default-value="${session}"/>
  <showDeprecation default-value="false">${maven.compiler.showDeprecation}</showDeprecation>
  <showWarnings default-value="false">${maven.compiler.showWarnings}</showWarnings>
  <skipMain>${maven.main.skip}</skipMain>
  <skipMultiThreadWarning default-value="false">${maven.compiler.skipMultiThreadWarning}</skipMultiThreadWarning>
  <source default-value="1.7">17</source>
  <staleMillis default-value="0">${lastModGranularityMs}</staleMillis>
  <target default-value="1.7">17</target>
  <useIncrementalCompilation default-value="true">${maven.compiler.useIncrementalCompilation}</useIncrementalCompilation>
  <verbose default-value="false">${maven.compiler.verbose}</verbose>
</configuration>
[DEBUG] =======================================================================
[DEBUG] Using mirror maven-default-http-blocker (http://0.0.0.0/) for apache.snapshots (http://repository.apache.org/snapshots).
[DEBUG] Dependency collection stats {ConflictMarker.analyzeTime=1954100, ConflictMarker.markTime=730600, ConflictMarker.nodeCount=185, ConflictIdSorter.graphTime=1446500, ConflictIdSorter.topsortTime=1344900, ConflictIdSorter.conflictIdCount=83, ConflictIdSorter.conflictIdCycleCount=0, ConflictResolver.totalTime=18549900, ConflictResolver.conflictItemCount=179, DfDependencyCollector.collectTime=850353400, DfDependencyCollector.transformTime=26951000}
[DEBUG] SeleniumPOMTestNGFramework:SeleniumPOMTestNGFramework:jar:0.0.1-SNAPSHOT
[DEBUG]    io.github.bonigarcia:webdrivermanager:jar:5.9.2:compile
[DEBUG]       org.slf4j:slf4j-api:jar:2.0.13:compile
[DEBUG]       com.google.code.gson:gson:jar:2.11.0:compile
[DEBUG]          com.google.errorprone:error_prone_annotations:jar:2.27.0:compile
[DEBUG]       com.github.docker-java:docker-java:jar:3.4.0:compile
[DEBUG]          com.github.docker-java:docker-java-core:jar:3.4.0:compile
[DEBUG]             com.github.docker-java:docker-java-api:jar:3.4.0:compile
[DEBUG]                com.fasterxml.jackson.core:jackson-annotations:jar:2.10.3:compile
[DEBUG]             com.fasterxml.jackson.core:jackson-databind:jar:2.10.3:compile
[DEBUG]                com.fasterxml.jackson.core:jackson-core:jar:2.10.3:compile
[DEBUG]          org.slf4j:jcl-over-slf4j:jar:1.7.30:compile
[DEBUG]       com.github.docker-java:docker-java-transport-httpclient5:jar:3.4.0:compile
[DEBUG]          com.github.docker-java:docker-java-transport:jar:3.4.0:compile
[DEBUG]          net.java.dev.jna:jna:jar:5.13.0:compile
[DEBUG]       org.brotli:dec:jar:0.1.2:compile
[DEBUG]       org.apache.commons:commons-lang3:jar:3.15.0:compile
[DEBUG]       org.apache.commons:commons-compress:jar:1.26.2:compile
[DEBUG]          commons-io:commons-io:jar:2.16.1:compile
[DEBUG]       org.apache.httpcomponents.client5:httpclient5:jar:5.2.1:compile
[DEBUG]          org.apache.httpcomponents.core5:httpcore5:jar:5.2:compile
[DEBUG]          org.apache.httpcomponents.core5:httpcore5-h2:jar:5.2:compile
[DEBUG]    org.seleniumhq.selenium:selenium-java:jar:4.31.0:compile
[DEBUG]       org.seleniumhq.selenium:selenium-api:jar:4.31.0:compile
[DEBUG]          org.jspecify:jspecify:jar:1.0.0:compile
[DEBUG]       org.seleniumhq.selenium:selenium-chrome-driver:jar:4.31.0:compile
[DEBUG]          com.google.auto.service:auto-service-annotations:jar:1.1.1:compile
[DEBUG]          org.seleniumhq.selenium:selenium-chromium-driver:jar:4.31.0:compile
[DEBUG]          org.seleniumhq.selenium:selenium-json:jar:4.31.0:compile
[DEBUG]          org.seleniumhq.selenium:selenium-manager:jar:4.31.0:compile
[DEBUG]       org.seleniumhq.selenium:selenium-devtools-v133:jar:4.31.0:compile
[DEBUG]       org.seleniumhq.selenium:selenium-devtools-v134:jar:4.31.0:compile
[DEBUG]       org.seleniumhq.selenium:selenium-devtools-v135:jar:4.31.0:compile
[DEBUG]       org.seleniumhq.selenium:selenium-edge-driver:jar:4.31.0:compile
[DEBUG]       org.seleniumhq.selenium:selenium-firefox-driver:jar:4.31.0:compile
[DEBUG]          org.seleniumhq.selenium:selenium-http:jar:4.31.0:compile
[DEBUG]       org.seleniumhq.selenium:selenium-ie-driver:jar:4.31.0:compile
[DEBUG]       org.seleniumhq.selenium:selenium-remote-driver:jar:4.31.0:compile
[DEBUG]          com.google.guava:guava:jar:33.4.6-jre:compile
[DEBUG]             com.google.guava:failureaccess:jar:1.0.3:compile
[DEBUG]             com.google.guava:listenablefuture:jar:9999.0-empty-to-avoid-conflict-with-guava:compile
[DEBUG]             com.google.j2objc:j2objc-annotations:jar:3.0.0:compile
[DEBUG]          io.opentelemetry:opentelemetry-api:jar:1.48.0:compile
[DEBUG]          io.opentelemetry:opentelemetry-context:jar:1.48.0:compile
[DEBUG]          io.opentelemetry:opentelemetry-exporter-logging:jar:1.48.0:compile
[DEBUG]          io.opentelemetry:opentelemetry-sdk-common:jar:1.48.0:compile
[DEBUG]          io.opentelemetry:opentelemetry-sdk-extension-autoconfigure-spi:jar:1.48.0:compile
[DEBUG]          io.opentelemetry:opentelemetry-sdk-extension-autoconfigure:jar:1.48.0:compile
[DEBUG]          io.opentelemetry:opentelemetry-sdk-trace:jar:1.48.0:compile
[DEBUG]          io.opentelemetry:opentelemetry-sdk:jar:1.48.0:compile
[DEBUG]             io.opentelemetry:opentelemetry-sdk-metrics:jar:1.48.0:compile
[DEBUG]             io.opentelemetry:opentelemetry-sdk-logs:jar:1.48.0:compile
[DEBUG]          net.bytebuddy:byte-buddy:jar:1.17.5:compile
[DEBUG]          org.seleniumhq.selenium:selenium-os:jar:4.31.0:compile
[DEBUG]             org.apache.commons:commons-exec:jar:1.4.0:compile
[DEBUG]       org.seleniumhq.selenium:selenium-safari-driver:jar:4.31.0:compile
[DEBUG]       org.seleniumhq.selenium:selenium-support:jar:4.31.0:compile
[DEBUG]    org.testng:testng:jar:7.11.0:test
[DEBUG]       org.jcommander:jcommander:jar:1.83:test
[DEBUG]       org.webjars:jquery:jar:3.7.1:test
[DEBUG]    org.apache.poi:poi:jar:3.9:compile
[DEBUG]       commons-codec:commons-codec:jar:1.5:compile
[DEBUG]    org.apache.poi:poi-ooxml:jar:3.9:compile
[DEBUG]       dom4j:dom4j:jar:1.6.1:compile
[DEBUG]          xml-apis:xml-apis:jar:1.0.b2:compile
[DEBUG]    org.apache.poi:poi-ooxml-schemas:jar:3.9:compile
[DEBUG]       org.apache.xmlbeans:xmlbeans:jar:2.3.0:compile
[DEBUG]          stax:stax-api:jar:1.0.1:compile
[DEBUG]    org.apache.poi:poi-scratchpad:jar:3.9:compile
[DEBUG]    org.apache.poi:ooxml-schemas:jar:1.1:compile
[DEBUG]    org.apache.poi:openxml4j:jar:1.0-beta:compile
[DEBUG]       log4j:log4j:jar:1.2.8:compile
[DEBUG]    com.aventstack:extentreports:jar:5.0.8:compile
[DEBUG]       io.reactivex.rxjava3:rxjava:jar:3.0.4:compile
[DEBUG]          org.reactivestreams:reactive-streams:jar:1.0.3:compile
[DEBUG]       org.freemarker:freemarker:jar:2.3.30:compile
[DEBUG]    io.qameta.allure:allure-testng:jar:2.29.1:compile
[DEBUG]       io.qameta.allure:allure-java-commons:jar:2.29.1:compile
[DEBUG]          io.qameta.allure:allure-model:jar:2.29.1:compile
[DEBUG]       io.qameta.allure:allure-test-filter:jar:2.29.1:runtime
[DEBUG]    org.aspectj:aspectjweaver:jar:1.9.21:compile
[DEBUG]    org.apache.logging.log4j:log4j-api:jar:2.14.1:compile
[DEBUG]    org.apache.logging.log4j:log4j-core:jar:2.14.1:compile
[DEBUG]    org.projectlombok:lombok:jar:1.18.36:compile
[INFO] 
[INFO] --- clean:3.2.0:clean (default-clean) @ SeleniumPOMTestNGFramework ---
[DEBUG] Dependency collection stats {ConflictMarker.analyzeTime=140900, ConflictMarker.markTime=107800, ConflictMarker.nodeCount=3, ConflictIdSorter.graphTime=16100, ConflictIdSorter.topsortTime=14500, ConflictIdSorter.conflictIdCount=3, ConflictIdSorter.conflictIdCycleCount=0, ConflictResolver.totalTime=165600, ConflictResolver.conflictItemCount=3, DfDependencyCollector.collectTime=28145900, DfDependencyCollector.transformTime=465900}
[DEBUG] org.apache.maven.plugins:maven-clean-plugin:jar:3.2.0
[DEBUG]    org.apache.maven.shared:maven-shared-utils:jar:3.3.4:compile
[DEBUG]       commons-io:commons-io:jar:2.6:compile
[DEBUG] Created new class realm plugin>org.apache.maven.plugins:maven-clean-plugin:3.2.0
[DEBUG] Importing foreign packages into class realm plugin>org.apache.maven.plugins:maven-clean-plugin:3.2.0
[DEBUG]   Imported:  < maven.api
[DEBUG] Populating class realm plugin>org.apache.maven.plugins:maven-clean-plugin:3.2.0
[DEBUG]   Included: org.apache.maven.plugins:maven-clean-plugin:jar:3.2.0
[DEBUG]   Included: org.apache.maven.shared:maven-shared-utils:jar:3.3.4
[DEBUG]   Included: commons-io:commons-io:jar:2.6
[DEBUG] Loading mojo org.apache.maven.plugins:maven-clean-plugin:3.2.0:clean from plugin realm ClassRealm[plugin>org.apache.maven.plugins:maven-clean-plugin:3.2.0, parent: jdk.internal.loader.ClassLoaders$AppClassLoader@73d16e93]
[DEBUG] Configuring mojo execution 'org.apache.maven.plugins:maven-clean-plugin:3.2.0:clean:default-clean' with basic configurator -->
[DEBUG]   (f) directory = C:\Users\Dell\Downloads\Automation\AutomationFramework\workspace\SeleniumPOMTestNGFramework\target
[DEBUG]   (f) excludeDefaultDirectories = false
[DEBUG]   (f) failOnError = true
[DEBUG]   (f) fast = false
[DEBUG]   (f) fastMode = background
[DEBUG]   (f) followSymLinks = false
[DEBUG]   (f) outputDirectory = C:\Users\Dell\Downloads\Automation\AutomationFramework\workspace\SeleniumPOMTestNGFramework\target\classes
[DEBUG]   (f) reportDirectory = C:\Users\Dell\Downloads\Automation\AutomationFramework\workspace\SeleniumPOMTestNGFramework\target\classes
[DEBUG]   (f) retryOnError = true
[DEBUG]   (f) session = org.apache.maven.execution.MavenSession@4c6007fb
[DEBUG]   (f) skip = false
[DEBUG]   (f) testOutputDirectory = C:\Users\Dell\Downloads\Automation\AutomationFramework\workspace\SeleniumPOMTestNGFramework\target\test-classes
[DEBUG] -- end configuration --
[INFO] Deleting C:\Users\Dell\Downloads\Automation\AutomationFramework\workspace\SeleniumPOMTestNGFramework\target
[INFO] Deleting file C:\Users\Dell\Downloads\Automation\AutomationFramework\workspace\SeleniumPOMTestNGFramework\target\maven-status\maven-compiler-plugin\compile\default-compile\inputFiles.lst
[INFO] Deleting file C:\Users\Dell\Downloads\Automation\AutomationFramework\workspace\SeleniumPOMTestNGFramework\target\maven-status\maven-compiler-plugin\compile\default-compile\createdFiles.lst
[INFO] Deleting directory C:\Users\Dell\Downloads\Automation\AutomationFramework\workspace\SeleniumPOMTestNGFramework\target\maven-status\maven-compiler-plugin\compile\default-compile
[INFO] Deleting directory C:\Users\Dell\Downloads\Automation\AutomationFramework\workspace\SeleniumPOMTestNGFramework\target\maven-status\maven-compiler-plugin\compile
[INFO] Deleting directory C:\Users\Dell\Downloads\Automation\AutomationFramework\workspace\SeleniumPOMTestNGFramework\target\maven-status\maven-compiler-plugin
[INFO] Deleting directory C:\Users\Dell\Downloads\Automation\AutomationFramework\workspace\SeleniumPOMTestNGFramework\target\maven-status
[INFO] Deleting directory C:\Users\Dell\Downloads\Automation\AutomationFramework\workspace\SeleniumPOMTestNGFramework\target\generated-sources\annotations
[INFO] Deleting directory C:\Users\Dell\Downloads\Automation\AutomationFramework\workspace\SeleniumPOMTestNGFramework\target\generated-sources
[INFO] Deleting directory C:\Users\Dell\Downloads\Automation\AutomationFramework\workspace\SeleniumPOMTestNGFramework\target\classes
[INFO] Deleting directory C:\Users\Dell\Downloads\Automation\AutomationFramework\workspace\SeleniumPOMTestNGFramework\target
[DEBUG] Skipping non-existing directory C:\Users\Dell\Downloads\Automation\AutomationFramework\workspace\SeleniumPOMTestNGFramework\target\classes
[DEBUG] Skipping non-existing directory C:\Users\Dell\Downloads\Automation\AutomationFramework\workspace\SeleniumPOMTestNGFramework\target\test-classes
[DEBUG] Skipping non-existing directory C:\Users\Dell\Downloads\Automation\AutomationFramework\workspace\SeleniumPOMTestNGFramework\target\classes
[INFO] 
[INFO] --- resources:3.3.1:resources (default-resources) @ SeleniumPOMTestNGFramework ---
[DEBUG] Dependency collection stats {ConflictMarker.analyzeTime=117300, ConflictMarker.markTime=41200, ConflictMarker.nodeCount=13, ConflictIdSorter.graphTime=38300, ConflictIdSorter.topsortTime=17500, ConflictIdSorter.conflictIdCount=9, ConflictIdSorter.conflictIdCycleCount=0, ConflictResolver.totalTime=307600, ConflictResolver.conflictItemCount=13, DfDependencyCollector.collectTime=58968900, DfDependencyCollector.transformTime=545700}
[DEBUG] org.apache.maven.plugins:maven-resources-plugin:jar:3.3.1
[DEBUG]    org.codehaus.plexus:plexus-interpolation:jar:1.26:runtime
[DEBUG]    org.codehaus.plexus:plexus-utils:jar:3.5.1:compile
[DEBUG]    org.apache.maven.shared:maven-filtering:jar:3.3.1:compile
[DEBUG]       javax.inject:javax.inject:jar:1:compile
[DEBUG]       org.slf4j:slf4j-api:jar:1.7.36:compile
[DEBUG]       org.sonatype.plexus:plexus-build-api:jar:0.0.7:compile
[DEBUG]    commons-io:commons-io:jar:2.11.0:compile
[DEBUG]    org.apache.commons:commons-lang3:jar:3.12.0:compile
[DEBUG] Created new class realm plugin>org.apache.maven.plugins:maven-resources-plugin:3.3.1
[DEBUG] Importing foreign packages into class realm plugin>org.apache.maven.plugins:maven-resources-plugin:3.3.1
[DEBUG]   Imported:  < maven.api
[DEBUG] Populating class realm plugin>org.apache.maven.plugins:maven-resources-plugin:3.3.1
[DEBUG]   Included: org.apache.maven.plugins:maven-resources-plugin:jar:3.3.1
[DEBUG]   Included: org.codehaus.plexus:plexus-interpolation:jar:1.26
[DEBUG]   Included: org.codehaus.plexus:plexus-utils:jar:3.5.1
[DEBUG]   Included: org.apache.maven.shared:maven-filtering:jar:3.3.1
[DEBUG]   Included: org.sonatype.plexus:plexus-build-api:jar:0.0.7
[DEBUG]   Included: commons-io:commons-io:jar:2.11.0
[DEBUG]   Included: org.apache.commons:commons-lang3:jar:3.12.0
[DEBUG] Loading mojo org.apache.maven.plugins:maven-resources-plugin:3.3.1:resources from plugin realm ClassRealm[plugin>org.apache.maven.plugins:maven-resources-plugin:3.3.1, parent: jdk.internal.loader.ClassLoaders$AppClassLoader@73d16e93]
[DEBUG] Configuring mojo execution 'org.apache.maven.plugins:maven-resources-plugin:3.3.1:resources:default-resources' with basic configurator -->
[DEBUG]   (f) addDefaultExcludes = true
[DEBUG]   (f) buildFilters = []
[DEBUG]   (f) encoding = UTF-8
[DEBUG]   (f) escapeWindowsPaths = true
[DEBUG]   (f) fileNameFiltering = false
[DEBUG]   (s) includeEmptyDirs = false
[DEBUG]   (s) outputDirectory = C:\Users\Dell\Downloads\Automation\AutomationFramework\workspace\SeleniumPOMTestNGFramework\target\classes
[DEBUG]   (s) overwrite = false
[DEBUG]   (f) project = MavenProject: SeleniumPOMTestNGFramework:SeleniumPOMTestNGFramework:0.0.1-SNAPSHOT @ C:\Users\Dell\Downloads\Automation\AutomationFramework\workspace\SeleniumPOMTestNGFramework\pom.xml
[DEBUG]   (s) resources = [Resource {targetPath: null, filtering: false, FileSet {directory: C:\Users\Dell\Downloads\Automation\AutomationFramework\workspace\SeleniumPOMTestNGFramework\src\main\resources, PatternSet [includes: {}, excludes: {}]}}]
[DEBUG]   (f) session = org.apache.maven.execution.MavenSession@4c6007fb
[DEBUG]   (f) skip = false
[DEBUG]   (f) supportMultiLineFiltering = false
[DEBUG]   (f) useBuildFilters = true
[DEBUG]   (s) useDefaultDelimiters = true
[DEBUG] -- end configuration --
[DEBUG] properties used:
[DEBUG] aspectj.version: 1.9.5
[DEBUG] classworlds.conf: C:\Program Files\Maven\apache-maven-3.9.9\bin\m2.conf
[DEBUG] env.=::: ::\
[DEBUG] env.=C:: C:\Users\Dell\Downloads\Automation\AutomationFramework\workspace\SeleniumPOMTestNGFramework
[DEBUG] env.ALLURE_HOME: C:\Users\Dell\scoop\apps\allure\current
[DEBUG] env.ALLUSERSPROFILE: C:\ProgramData
[DEBUG] env.APPDATA: C:\Users\Dell\AppData\Roaming
[DEBUG] env.CLASSWORLDS_JAR: "C:\Program Files\Maven\apache-maven-3.9.9\boot\plexus-classworlds-2.8.0.jar"
[DEBUG] env.CLASSWORLDS_LAUNCHER: org.codehaus.plexus.classworlds.launcher.Launcher
[DEBUG] env.COMMONPROGRAMFILES: C:\Program Files\Common Files
[DEBUG] env.COMMONPROGRAMFILES(X86): C:\Program Files (x86)\Common Files
[DEBUG] env.COMMONPROGRAMW6432: C:\Program Files\Common Files
[DEBUG] env.COMPUTERNAME: DESKTOP-CI74CGQ
[DEBUG] env.COMSPEC: C:\Windows\system32\cmd.exe
[DEBUG] env.DOKANLIBRARY1: C:\Program Files\Dokan\Dokan Library-1.5.1\
[DEBUG] env.DOKANLIBRARY1_LIBRARYPATH_X64: C:\Program Files\Dokan\Dokan Library-1.5.1\lib\
[DEBUG] env.DOKANLIBRARY1_LIBRARYPATH_X86: C:\Program Files\Dokan\Dokan Library-1.5.1\x86\lib\
[DEBUG] env.DRIVERDATA: C:\Windows\System32\Drivers\DriverData
[DEBUG] env.ERROR_CODE: 0
[DEBUG] env.EXEC_DIR: C:\Users\Dell\Downloads\Automation\AutomationFramework\workspace\SeleniumPOMTestNGFramework
[DEBUG] env.HOMEDRIVE: C:
[DEBUG] env.HOMEPATH: \Users\Dell
[DEBUG] env.JAVACMD: C:\Program Files\Java\jdk-17\bin\java.exe
[DEBUG] env.JAVA_HOME: C:\Program Files\Java\jdk-17
[DEBUG] env.JVMCONFIG: \.mvn\jvm.config
[DEBUG] env.LOCALAPPDATA: C:\Users\Dell\AppData\Local
[DEBUG] env.LOGONSERVER: \\DESKTOP-CI74CGQ
[DEBUG] env.MAVEN_CMD_LINE_ARGS: clean compile -X
[DEBUG] env.MAVEN_HOME: C:\Program Files\Maven\apache-maven-3.9.9
[DEBUG] env.MAVEN_PROJECTBASEDIR: C:\Users\Dell\Downloads\Automation\AutomationFramework\workspace\SeleniumPOMTestNGFramework
[DEBUG] env.NUMBER_OF_PROCESSORS: 4
[DEBUG] env.ONEDRIVE: C:\Users\Dell\OneDrive
[DEBUG] env.OS: Windows_NT
[DEBUG] env.PATH: C:\Program Files\Common Files\Oracle\Java\javapath;C:\Windows\system32;C:\Windows;C:\Windows\System32\Wbem;C:\Windows\System32\WindowsPowerShell\v1.0\;C:\Windows\System32\OpenSSH\;C:\Program Files\Java\jdk-17\bin;C:\Program Files\nodejs\;C:\Program Files\nodejs\node_modules;C:\Program Files\Git\cmd;C:\Program Files\Docker\Docker\resources\bin;C:\Program Files\dotnet\;C:\Users\Dell\scoop\shims;C:\Users\Dell\AppData\Local\Microsoft\WindowsApps;C:\Program Files\Maven\apache-maven-3.9.9\bin;C:\Users\Dell\AppData\Roaming\npm;C:\Users\Dell\AppData\Local\Programs\Microsoft VS Code\bin;C:\Program Files\Java\jdk-17
[DEBUG] env.PATHEXT: .COM;.EXE;.BAT;.CMD;.VBS;.VBE;.JS;.JSE;.WSF;.WSH;.MSC
[DEBUG] env.PROCESSOR_ARCHITECTURE: AMD64
[DEBUG] env.PROCESSOR_IDENTIFIER: Intel64 Family 6 Model 142 Stepping 9, GenuineIntel
[DEBUG] env.PROCESSOR_LEVEL: 6
[DEBUG] env.PROCESSOR_REVISION: 8e09
[DEBUG] env.PROGRAMDATA: C:\ProgramData
[DEBUG] env.PROGRAMFILES: C:\Program Files
[DEBUG] env.PROGRAMFILES(X86): C:\Program Files (x86)
[DEBUG] env.PROGRAMW6432: C:\Program Files
[DEBUG] env.PROMPT: $P$G
[DEBUG] env.PSMODULEPATH: %ProgramFiles%\WindowsPowerShell\Modules;C:\Windows\system32\WindowsPowerShell\v1.0\Modules
[DEBUG] env.PUBLIC: C:\Users\Public
[DEBUG] env.SYSTEMDRIVE: C:
[DEBUG] env.SYSTEMROOT: C:\Windows
[DEBUG] env.TEMP: C:\Users\Dell\AppData\Local\Temp
[DEBUG] env.TMP: C:\Users\Dell\AppData\Local\Temp
[DEBUG] env.USERDOMAIN: DESKTOP-CI74CGQ
[DEBUG] env.USERDOMAIN_ROAMINGPROFILE: DESKTOP-CI74CGQ
[DEBUG] env.USERNAME: Dell
[DEBUG] env.USERPROFILE: C:\Users\Dell
[DEBUG] env.WDIR: C:\Users\Dell\Downloads\Automation\AutomationFramework\workspace\SeleniumPOMTestNGFramework
[DEBUG] env.WINDIR: C:\Windows
[DEBUG] env.ZES_ENABLE_SYSMAN: 1
[DEBUG] env.__PSLOCKDOWNPOLICY: 0
[DEBUG] extentreports-version: 5.0.8
[DEBUG] file.encoding: Cp1252
[DEBUG] file.separator: \
[DEBUG] java.class.path: C:\Program Files\Maven\apache-maven-3.9.9\boot\plexus-classworlds-2.8.0.jar
[DEBUG] java.class.version: 61.0
[DEBUG] java.home: C:\Program Files\Java\jdk-17
[DEBUG] java.io.tmpdir: C:\Users\Dell\AppData\Local\Temp\
[DEBUG] java.library.path: C:\Program Files\Java\jdk-17\bin;C:\Windows\Sun\Java\bin;C:\Windows\system32;C:\Windows;C:\Program Files\Common Files\Oracle\Java\javapath;C:\Windows\system32;C:\Windows;C:\Windows\System32\Wbem;C:\Windows\System32\WindowsPowerShell\v1.0\;C:\Windows\System32\OpenSSH\;C:\Program Files\Java\jdk-17\bin;C:\Program Files\nodejs\;C:\Program Files\nodejs\node_modules;C:\Program Files\Git\cmd;C:\Program Files\Docker\Docker\resources\bin;C:\Program Files\dotnet\;C:\Users\Dell\scoop\shims;C:\Users\Dell\AppData\Local\Microsoft\WindowsApps;C:\Program Files\Maven\apache-maven-3.9.9\bin;C:\Users\Dell\AppData\Roaming\npm;C:\Users\Dell\AppData\Local\Programs\Microsoft VS Code\bin;C:\Program Files\Java\jdk-17;.
[DEBUG] java.runtime.name: Java(TM) SE Runtime Environment
[DEBUG] java.runtime.version: 17.0.7+8-LTS-224
[DEBUG] java.specification.name: Java Platform API Specification
[DEBUG] java.specification.vendor: Oracle Corporation
[DEBUG] java.specification.version: 17
[DEBUG] java.vendor: Oracle Corporation
[DEBUG] java.vendor.url: https://java.oracle.com/
[DEBUG] java.vendor.url.bug: https://bugreport.java.com/bugreport/
[DEBUG] java.version: 17.0.7
[DEBUG] java.version.date: 2023-04-18
[DEBUG] java.vm.compressedOopsMode: Zero based
[DEBUG] java.vm.info: mixed mode, sharing
[DEBUG] java.vm.name: Java HotSpot(TM) 64-Bit Server VM
[DEBUG] java.vm.specification.name: Java Virtual Machine Specification
[DEBUG] java.vm.specification.vendor: Oracle Corporation
[DEBUG] java.vm.specification.version: 17
[DEBUG] java.vm.vendor: Oracle Corporation
[DEBUG] java.vm.version: 17.0.7+8-LTS-224
[DEBUG] jdk.debug: release
[DEBUG] library.jansi.path: C:\Program Files\Maven\apache-maven-3.9.9\lib\jansi-native
[DEBUG] line.separator: 

[DEBUG] maven.build.timestamp: 2025-04-27T17:45:53Z
[DEBUG] maven.build.version: Apache Maven 3.9.9 (8e8579a9e76f7d015ee5ec7bfcdc97d260186937)
[DEBUG] maven.compiler.compilerArgs: -Xlint:deprecation
[DEBUG] maven.compiler.source: 17
[DEBUG] maven.compiler.target: 17
[DEBUG] maven.conf: C:\Program Files\Maven\apache-maven-3.9.9/conf
[DEBUG] maven.home: C:\Program Files\Maven\apache-maven-3.9.9
[DEBUG] maven.multiModuleProjectDirectory: C:\Users\Dell\Downloads\Automation\AutomationFramework\workspace\SeleniumPOMTestNGFramework
[DEBUG] maven.version: 3.9.9
[DEBUG] native.encoding: Cp1252
[DEBUG] os.arch: amd64
[DEBUG] os.name: Windows 10
[DEBUG] os.version: 10.0
[DEBUG] path.separator: ;
[DEBUG] project.baseUri: file:/C:/Users/Dell/Downloads/Automation/AutomationFramework/workspace/SeleniumPOMTestNGFramework/
[DEBUG] project.build.sourceEncoding: UTF-8
[DEBUG] sun.arch.data.model: 64
[DEBUG] sun.boot.library.path: C:\Program Files\Java\jdk-17\bin
[DEBUG] sun.cpu.endian: little
[DEBUG] sun.cpu.isalist: amd64
[DEBUG] sun.io.unicode.encoding: UnicodeLittle
[DEBUG] sun.java.command: org.codehaus.plexus.classworlds.launcher.Launcher clean compile -X
[DEBUG] sun.java.launcher: SUN_STANDARD
[DEBUG] sun.jnu.encoding: Cp1252
[DEBUG] sun.management.compiler: HotSpot 64-Bit Tiered Compilers
[DEBUG] sun.os.patch.level: 
[DEBUG] user.country: IN
[DEBUG] user.dir: C:\Users\Dell\Downloads\Automation\AutomationFramework\workspace\SeleniumPOMTestNGFramework
[DEBUG] user.home: C:\Users\Dell
[DEBUG] user.language: en
[DEBUG] user.name: Dell
[DEBUG] user.script: 
[DEBUG] user.variant: 
[DEBUG] Using 'UTF-8' encoding to copy filtered resources.
[DEBUG] Using 'UTF-8' encoding to copy filtered properties files.
[DEBUG] resource with targetPath null
directory C:\Users\Dell\Downloads\Automation\AutomationFramework\workspace\SeleniumPOMTestNGFramework\src\main\resources
excludes []
includes []
[DEBUG] ignoreDelta true
[INFO] Copying 0 resource from src\main\resources to target\classes
[DEBUG] no user filter components
[INFO] 
[INFO] --- compiler:3.10.1:compile (default-compile) @ SeleniumPOMTestNGFramework ---
[DEBUG] Using mirror maven-default-http-blocker (http://0.0.0.0/) for ow2-snapshot (http://repository.ow2.org/nexus/content/repositories/snapshots).
[DEBUG] Dependency collection stats {ConflictMarker.analyzeTime=57600, ConflictMarker.markTime=41600, ConflictMarker.nodeCount=17, ConflictIdSorter.graphTime=29800, ConflictIdSorter.topsortTime=20200, ConflictIdSorter.conflictIdCount=12, ConflictIdSorter.conflictIdCycleCount=0, ConflictResolver.totalTime=392200, ConflictResolver.conflictItemCount=17, DfDependencyCollector.collectTime=89329800, DfDependencyCollector.transformTime=562600}
[DEBUG] org.apache.maven.plugins:maven-compiler-plugin:jar:3.10.1
[DEBUG]    org.apache.maven.shared:maven-shared-utils:jar:3.3.4:compile
[DEBUG]       commons-io:commons-io:jar:2.6:compile
[DEBUG]    org.apache.maven.shared:maven-shared-incremental:jar:1.1:compile
[DEBUG]       org.codehaus.plexus:plexus-component-annotations:jar:2.0.0:compile (version managed from default)
[DEBUG]    org.codehaus.plexus:plexus-java:jar:1.1.1:compile
[DEBUG]       org.ow2.asm:asm:jar:9.2:compile
[DEBUG]       com.thoughtworks.qdox:qdox:jar:2.0.1:compile (version managed from default)
[DEBUG]    org.codehaus.plexus:plexus-compiler-api:jar:2.11.1:compile
[DEBUG]       org.codehaus.plexus:plexus-utils:jar:3.4.1:compile
[DEBUG]    org.codehaus.plexus:plexus-compiler-manager:jar:2.11.1:compile
[DEBUG]    org.codehaus.plexus:plexus-compiler-javac:jar:2.11.1:runtime
[DEBUG] Created new class realm plugin>org.apache.maven.plugins:maven-compiler-plugin:3.10.1
[DEBUG] Importing foreign packages into class realm plugin>org.apache.maven.plugins:maven-compiler-plugin:3.10.1
[DEBUG]   Imported:  < maven.api
[DEBUG] Populating class realm plugin>org.apache.maven.plugins:maven-compiler-plugin:3.10.1
[DEBUG]   Included: org.apache.maven.plugins:maven-compiler-plugin:jar:3.10.1
[DEBUG]   Included: org.apache.maven.shared:maven-shared-utils:jar:3.3.4
[DEBUG]   Included: commons-io:commons-io:jar:2.6
[DEBUG]   Included: org.apache.maven.shared:maven-shared-incremental:jar:1.1
[DEBUG]   Included: org.codehaus.plexus:plexus-component-annotations:jar:2.0.0
[DEBUG]   Included: org.codehaus.plexus:plexus-java:jar:1.1.1
[DEBUG]   Included: org.ow2.asm:asm:jar:9.2
[DEBUG]   Included: com.thoughtworks.qdox:qdox:jar:2.0.1
[DEBUG]   Included: org.codehaus.plexus:plexus-compiler-api:jar:2.11.1
[DEBUG]   Included: org.codehaus.plexus:plexus-utils:jar:3.4.1
[DEBUG]   Included: org.codehaus.plexus:plexus-compiler-manager:jar:2.11.1
[DEBUG]   Included: org.codehaus.plexus:plexus-compiler-javac:jar:2.11.1
[DEBUG] Loading mojo org.apache.maven.plugins:maven-compiler-plugin:3.10.1:compile from plugin realm ClassRealm[plugin>org.apache.maven.plugins:maven-compiler-plugin:3.10.1, parent: jdk.internal.loader.ClassLoaders$AppClassLoader@73d16e93]
[DEBUG] Configuring mojo execution 'org.apache.maven.plugins:maven-compiler-plugin:3.10.1:compile:default-compile' with basic configurator -->
[DEBUG]   (f) basedir = C:\Users\Dell\Downloads\Automation\AutomationFramework\workspace\SeleniumPOMTestNGFramework
[DEBUG]   (f) buildDirectory = C:\Users\Dell\Downloads\Automation\AutomationFramework\workspace\SeleniumPOMTestNGFramework\target
[DEBUG]   (f) compilePath = [C:\Users\Dell\Downloads\Automation\AutomationFramework\workspace\SeleniumPOMTestNGFramework\target\classes, C:\Users\Dell\.m2\repository\io\github\bonigarcia\webdrivermanager\5.9.2\webdrivermanager-5.9.2.jar, C:\Users\Dell\.m2\repository\org\slf4j\slf4j-api\2.0.13\slf4j-api-2.0.13.jar, C:\Users\Dell\.m2\repository\com\google\code\gson\gson\2.11.0\gson-2.11.0.jar, C:\Users\Dell\.m2\repository\com\google\errorprone\error_prone_annotations\2.27.0\error_prone_annotations-2.27.0.jar, C:\Users\Dell\.m2\repository\com\github\docker-java\docker-java\3.4.0\docker-java-3.4.0.jar, C:\Users\Dell\.m2\repository\com\github\docker-java\docker-java-core\3.4.0\docker-java-core-3.4.0.jar, C:\Users\Dell\.m2\repository\com\github\docker-java\docker-java-api\3.4.0\docker-java-api-3.4.0.jar, C:\Users\Dell\.m2\repository\com\fasterxml\jackson\core\jackson-annotations\2.10.3\jackson-annotations-2.10.3.jar, C:\Users\Dell\.m2\repository\com\fasterxml\jackson\core\jackson-databind\2.10.3\jackson-databind-2.10.3.jar, C:\Users\Dell\.m2\repository\com\fasterxml\jackson\core\jackson-core\2.10.3\jackson-core-2.10.3.jar, C:\Users\Dell\.m2\repository\org\slf4j\jcl-over-slf4j\1.7.30\jcl-over-slf4j-1.7.30.jar, C:\Users\Dell\.m2\repository\com\github\docker-java\docker-java-transport-httpclient5\3.4.0\docker-java-transport-httpclient5-3.4.0.jar, C:\Users\Dell\.m2\repository\com\github\docker-java\docker-java-transport\3.4.0\docker-java-transport-3.4.0.jar, C:\Users\Dell\.m2\repository\net\java\dev\jna\jna\5.13.0\jna-5.13.0.jar, C:\Users\Dell\.m2\repository\org\brotli\dec\0.1.2\dec-0.1.2.jar, C:\Users\Dell\.m2\repository\org\apache\commons\commons-lang3\3.15.0\commons-lang3-3.15.0.jar, C:\Users\Dell\.m2\repository\org\apache\commons\commons-compress\1.26.2\commons-compress-1.26.2.jar, C:\Users\Dell\.m2\repository\commons-io\commons-io\2.16.1\commons-io-2.16.1.jar, C:\Users\Dell\.m2\repository\org\apache\httpcomponents\client5\httpclient5\5.2.1\httpclient5-5.2.1.jar, C:\Users\Dell\.m2\repository\org\apache\httpcomponents\core5\httpcore5\5.2\httpcore5-5.2.jar, C:\Users\Dell\.m2\repository\org\apache\httpcomponents\core5\httpcore5-h2\5.2\httpcore5-h2-5.2.jar, C:\Users\Dell\.m2\repository\org\seleniumhq\selenium\selenium-java\4.31.0\selenium-java-4.31.0.jar, C:\Users\Dell\.m2\repository\org\seleniumhq\selenium\selenium-api\4.31.0\selenium-api-4.31.0.jar, C:\Users\Dell\.m2\repository\org\jspecify\jspecify\1.0.0\jspecify-1.0.0.jar, C:\Users\Dell\.m2\repository\org\seleniumhq\selenium\selenium-chrome-driver\4.31.0\selenium-chrome-driver-4.31.0.jar, C:\Users\Dell\.m2\repository\com\google\auto\service\auto-service-annotations\1.1.1\auto-service-annotations-1.1.1.jar, C:\Users\Dell\.m2\repository\org\seleniumhq\selenium\selenium-chromium-driver\4.31.0\selenium-chromium-driver-4.31.0.jar, C:\Users\Dell\.m2\repository\org\seleniumhq\selenium\selenium-json\4.31.0\selenium-json-4.31.0.jar, C:\Users\Dell\.m2\repository\org\seleniumhq\selenium\selenium-manager\4.31.0\selenium-manager-4.31.0.jar, C:\Users\Dell\.m2\repository\org\seleniumhq\selenium\selenium-devtools-v133\4.31.0\selenium-devtools-v133-4.31.0.jar, C:\Users\Dell\.m2\repository\org\seleniumhq\selenium\selenium-devtools-v134\4.31.0\selenium-devtools-v134-4.31.0.jar, C:\Users\Dell\.m2\repository\org\seleniumhq\selenium\selenium-devtools-v135\4.31.0\selenium-devtools-v135-4.31.0.jar, C:\Users\Dell\.m2\repository\org\seleniumhq\selenium\selenium-edge-driver\4.31.0\selenium-edge-driver-4.31.0.jar, C:\Users\Dell\.m2\repository\org\seleniumhq\selenium\selenium-firefox-driver\4.31.0\selenium-firefox-driver-4.31.0.jar, C:\Users\Dell\.m2\repository\org\seleniumhq\selenium\selenium-http\4.31.0\selenium-http-4.31.0.jar, C:\Users\Dell\.m2\repository\org\seleniumhq\selenium\selenium-ie-driver\4.31.0\selenium-ie-driver-4.31.0.jar, C:\Users\Dell\.m2\repository\org\seleniumhq\selenium\selenium-remote-driver\4.31.0\selenium-remote-driver-4.31.0.jar, C:\Users\Dell\.m2\repository\com\google\guava\guava\33.4.6-jre\guava-33.4.6-jre.jar, C:\Users\Dell\.m2\repository\com\google\guava\failureaccess\1.0.3\failureaccess-1.0.3.jar, C:\Users\Dell\.m2\repository\com\google\guava\listenablefuture\9999.0-empty-to-avoid-conflict-with-guava\listenablefuture-9999.0-empty-to-avoid-conflict-with-guava.jar, C:\Users\Dell\.m2\repository\com\google\j2objc\j2objc-annotations\3.0.0\j2objc-annotations-3.0.0.jar, C:\Users\Dell\.m2\repository\io\opentelemetry\opentelemetry-api\1.48.0\opentelemetry-api-1.48.0.jar, C:\Users\Dell\.m2\repository\io\opentelemetry\opentelemetry-context\1.48.0\opentelemetry-context-1.48.0.jar, C:\Users\Dell\.m2\repository\io\opentelemetry\opentelemetry-exporter-logging\1.48.0\opentelemetry-exporter-logging-1.48.0.jar, C:\Users\Dell\.m2\repository\io\opentelemetry\opentelemetry-sdk-common\1.48.0\opentelemetry-sdk-common-1.48.0.jar, C:\Users\Dell\.m2\repository\io\opentelemetry\opentelemetry-sdk-extension-autoconfigure-spi\1.48.0\opentelemetry-sdk-extension-autoconfigure-spi-1.48.0.jar, C:\Users\Dell\.m2\repository\io\opentelemetry\opentelemetry-sdk-extension-autoconfigure\1.48.0\opentelemetry-sdk-extension-autoconfigure-1.48.0.jar, C:\Users\Dell\.m2\repository\io\opentelemetry\opentelemetry-sdk-trace\1.48.0\opentelemetry-sdk-trace-1.48.0.jar, C:\Users\Dell\.m2\repository\io\opentelemetry\opentelemetry-sdk\1.48.0\opentelemetry-sdk-1.48.0.jar, C:\Users\Dell\.m2\repository\io\opentelemetry\opentelemetry-sdk-metrics\1.48.0\opentelemetry-sdk-metrics-1.48.0.jar, C:\Users\Dell\.m2\repository\io\opentelemetry\opentelemetry-sdk-logs\1.48.0\opentelemetry-sdk-logs-1.48.0.jar, C:\Users\Dell\.m2\repository\net\bytebuddy\byte-buddy\1.17.5\byte-buddy-1.17.5.jar, C:\Users\Dell\.m2\repository\org\seleniumhq\selenium\selenium-os\4.31.0\selenium-os-4.31.0.jar, C:\Users\Dell\.m2\repository\org\apache\commons\commons-exec\1.4.0\commons-exec-1.4.0.jar, C:\Users\Dell\.m2\repository\org\seleniumhq\selenium\selenium-safari-driver\4.31.0\selenium-safari-driver-4.31.0.jar, C:\Users\Dell\.m2\repository\org\seleniumhq\selenium\selenium-support\4.31.0\selenium-support-4.31.0.jar, C:\Users\Dell\.m2\repository\org\apache\poi\poi\3.9\poi-3.9.jar, C:\Users\Dell\.m2\repository\commons-codec\commons-codec\1.5\commons-codec-1.5.jar, C:\Users\Dell\.m2\repository\org\apache\poi\poi-ooxml\3.9\poi-ooxml-3.9.jar, C:\Users\Dell\.m2\repository\dom4j\dom4j\1.6.1\dom4j-1.6.1.jar, C:\Users\Dell\.m2\repository\xml-apis\xml-apis\1.0.b2\xml-apis-1.0.b2.jar, C:\Users\Dell\.m2\repository\org\apache\poi\poi-ooxml-schemas\3.9\poi-ooxml-schemas-3.9.jar, C:\Users\Dell\.m2\repository\org\apache\xmlbeans\xmlbeans\2.3.0\xmlbeans-2.3.0.jar, C:\Users\Dell\.m2\repository\stax\stax-api\1.0.1\stax-api-1.0.1.jar, C:\Users\Dell\.m2\repository\org\apache\poi\poi-scratchpad\3.9\poi-scratchpad-3.9.jar, C:\Users\Dell\.m2\repository\org\apache\poi\ooxml-schemas\1.1\ooxml-schemas-1.1.jar, C:\Users\Dell\.m2\repository\org\apache\poi\openxml4j\1.0-beta\openxml4j-1.0-beta.jar, C:\Users\Dell\.m2\repository\log4j\log4j\1.2.8\log4j-1.2.8.jar, C:\Users\Dell\.m2\repository\com\aventstack\extentreports\5.0.8\extentreports-5.0.8.jar, C:\Users\Dell\.m2\repository\io\reactivex\rxjava3\rxjava\3.0.4\rxjava-3.0.4.jar, C:\Users\Dell\.m2\repository\org\reactivestreams\reactive-streams\1.0.3\reactive-streams-1.0.3.jar, C:\Users\Dell\.m2\repository\org\freemarker\freemarker\2.3.30\freemarker-2.3.30.jar, C:\Users\Dell\.m2\repository\io\qameta\allure\allure-testng\2.29.1\allure-testng-2.29.1.jar, C:\Users\Dell\.m2\repository\io\qameta\allure\allure-java-commons\2.29.1\allure-java-commons-2.29.1.jar, C:\Users\Dell\.m2\repository\io\qameta\allure\allure-model\2.29.1\allure-model-2.29.1.jar, C:\Users\Dell\.m2\repository\org\aspectj\aspectjweaver\1.9.21\aspectjweaver-1.9.21.jar, C:\Users\Dell\.m2\repository\org\apache\logging\log4j\log4j-api\2.14.1\log4j-api-2.14.1.jar, C:\Users\Dell\.m2\repository\org\apache\logging\log4j\log4j-core\2.14.1\log4j-core-2.14.1.jar, C:\Users\Dell\.m2\repository\org\projectlombok\lombok\1.18.36\lombok-1.18.36.jar]
[DEBUG]   (f) compileSourceRoots = [C:\Users\Dell\Downloads\Automation\AutomationFramework\workspace\SeleniumPOMTestNGFramework\src\main\java]
[DEBUG]   (f) compilerId = javac
[DEBUG]   (f) createMissingPackageInfoClass = true
[DEBUG]   (f) debug = true
[DEBUG]   (f) debugFileName = javac
[DEBUG]   (f) enablePreview = false
[DEBUG]   (f) encoding = UTF-8
[DEBUG]   (f) failOnError = true
[DEBUG]   (f) failOnWarning = false
[DEBUG]   (f) forceJavacCompilerUse = false
[DEBUG]   (f) fork = false
[DEBUG]   (f) generatedSourcesDirectory = C:\Users\Dell\Downloads\Automation\AutomationFramework\workspace\SeleniumPOMTestNGFramework\target\generated-sources\annotations
[DEBUG]   (f) mojoExecution = org.apache.maven.plugins:maven-compiler-plugin:3.10.1:compile {execution: default-compile}
[DEBUG]   (f) optimize = false
[DEBUG]   (f) outputDirectory = C:\Users\Dell\Downloads\Automation\AutomationFramework\workspace\SeleniumPOMTestNGFramework\target\classes
[DEBUG]   (f) parameters = false
[DEBUG]   (f) project = MavenProject: SeleniumPOMTestNGFramework:SeleniumPOMTestNGFramework:0.0.1-SNAPSHOT @ C:\Users\Dell\Downloads\Automation\AutomationFramework\workspace\SeleniumPOMTestNGFramework\pom.xml
[DEBUG]   (f) projectArtifact = SeleniumPOMTestNGFramework:SeleniumPOMTestNGFramework:jar:0.0.1-SNAPSHOT
[DEBUG]   (f) session = org.apache.maven.execution.MavenSession@4c6007fb
[DEBUG]   (f) showDeprecation = false
[DEBUG]   (f) showWarnings = false
[DEBUG]   (f) skipMultiThreadWarning = false
[DEBUG]   (f) source = 17
[DEBUG]   (f) staleMillis = 0
[DEBUG]   (s) target = 17
[DEBUG]   (f) useIncrementalCompilation = true
[DEBUG]   (f) verbose = false
[DEBUG] -- end configuration --
[DEBUG] Using compiler 'javac'.
[DEBUG] Adding C:\Users\Dell\Downloads\Automation\AutomationFramework\workspace\SeleniumPOMTestNGFramework\target\generated-sources\annotations to compile source roots:
  C:\Users\Dell\Downloads\Automation\AutomationFramework\workspace\SeleniumPOMTestNGFramework\src\main\java
[DEBUG] New compile source roots:
  C:\Users\Dell\Downloads\Automation\AutomationFramework\workspace\SeleniumPOMTestNGFramework\src\main\java
  C:\Users\Dell\Downloads\Automation\AutomationFramework\workspace\SeleniumPOMTestNGFramework\target\generated-sources\annotations
[DEBUG] CompilerReuseStrategy: reuseCreated
[DEBUG] useIncrementalCompilation enabled
[DEBUG] Stale source detected: C:\Users\Dell\Downloads\Automation\AutomationFramework\workspace\SeleniumPOMTestNGFramework\src\main\java\com\qa\crm\utils\JavaScriptUtil.java
[DEBUG] Stale source detected: C:\Users\Dell\Downloads\Automation\AutomationFramework\workspace\SeleniumPOMTestNGFramework\src\main\java\com\qa\crm\pages\PersonDetailsPage.java
[DEBUG] Stale source detected: C:\Users\Dell\Downloads\Automation\AutomationFramework\workspace\SeleniumPOMTestNGFramework\src\main\java\com\qa\crm\exceptions\ElementException.java
[DEBUG] Stale source detected: C:\Users\Dell\Downloads\Automation\AutomationFramework\workspace\SeleniumPOMTestNGFramework\src\main\java\com\qa\crm\listeners\ExtentReportListener.java
[DEBUG] Stale source detected: C:\Users\Dell\Downloads\Automation\AutomationFramework\workspace\SeleniumPOMTestNGFramework\src\main\java\com\qa\crm\pages\ContactsPage.java
[DEBUG] Stale source detected: C:\Users\Dell\Downloads\Automation\AutomationFramework\workspace\SeleniumPOMTestNGFramework\src\main\java\com\qa\crm\errors\AppError.java
[DEBUG] Stale source detected: C:\Users\Dell\Downloads\Automation\AutomationFramework\workspace\SeleniumPOMTestNGFramework\src\main\java\com\qa\crm\exceptions\BrowserException.java
[DEBUG] Stale source detected: C:\Users\Dell\Downloads\Automation\AutomationFramework\workspace\SeleniumPOMTestNGFramework\src\main\java\com\qa\crm\utils\ExcelUtil.java
[DEBUG] Stale source detected: C:\Users\Dell\Downloads\Automation\AutomationFramework\workspace\SeleniumPOMTestNGFramework\src\main\java\com\qa\crm\listeners\AnnotationTransformer.java
[DEBUG] Stale source detected: C:\Users\Dell\Downloads\Automation\AutomationFramework\workspace\SeleniumPOMTestNGFramework\src\main\java\com\qa\crm\pages\FormPage.java
[DEBUG] Stale source detected: C:\Users\Dell\Downloads\Automation\AutomationFramework\workspace\SeleniumPOMTestNGFramework\src\main\java\com\qa\crm\pages\HomePage.java
[DEBUG] Stale source detected: C:\Users\Dell\Downloads\Automation\AutomationFramework\workspace\SeleniumPOMTestNGFramework\src\main\java\com\qa\crm\utils\ElementUtil.java
[DEBUG] Stale source detected: C:\Users\Dell\Downloads\Automation\AutomationFramework\workspace\SeleniumPOMTestNGFramework\src\main\java\com\qa\crm\factory\DriverFactory.java
[DEBUG] Stale source detected: C:\Users\Dell\Downloads\Automation\AutomationFramework\workspace\SeleniumPOMTestNGFramework\src\main\java\com\qa\crm\constants\AppConstants.java
[DEBUG] Stale source detected: C:\Users\Dell\Downloads\Automation\AutomationFramework\workspace\SeleniumPOMTestNGFramework\src\main\java\com\qa\crm\exceptions\FrameworkException.java
[DEBUG] Stale source detected: C:\Users\Dell\Downloads\Automation\AutomationFramework\workspace\SeleniumPOMTestNGFramework\src\main\java\com\qa\crm\factory\OptionsManager.java
[DEBUG] Stale source detected: C:\Users\Dell\Downloads\Automation\AutomationFramework\workspace\SeleniumPOMTestNGFramework\src\main\java\com\qa\crm\listeners\TestAllureListener.java
[DEBUG] Stale source detected: C:\Users\Dell\Downloads\Automation\AutomationFramework\workspace\SeleniumPOMTestNGFramework\src\main\java\com\qa\crm\listeners\Retry.java
[DEBUG] Stale source detected: C:\Users\Dell\Downloads\Automation\AutomationFramework\workspace\SeleniumPOMTestNGFramework\src\main\java\com\qa\crm\pages\LoginPage.java
[INFO] Changes detected - recompiling the module!
[DEBUG] Classpath:
[DEBUG]  C:\Users\Dell\Downloads\Automation\AutomationFramework\workspace\SeleniumPOMTestNGFramework\target\classes
[DEBUG]  C:\Users\Dell\.m2\repository\io\github\bonigarcia\webdrivermanager\5.9.2\webdrivermanager-5.9.2.jar
[DEBUG]  C:\Users\Dell\.m2\repository\org\slf4j\slf4j-api\2.0.13\slf4j-api-2.0.13.jar
[DEBUG]  C:\Users\Dell\.m2\repository\com\google\code\gson\gson\2.11.0\gson-2.11.0.jar
[DEBUG]  C:\Users\Dell\.m2\repository\com\google\errorprone\error_prone_annotations\2.27.0\error_prone_annotations-2.27.0.jar
[DEBUG]  C:\Users\Dell\.m2\repository\com\github\docker-java\docker-java\3.4.0\docker-java-3.4.0.jar
[DEBUG]  C:\Users\Dell\.m2\repository\com\github\docker-java\docker-java-core\3.4.0\docker-java-core-3.4.0.jar
[DEBUG]  C:\Users\Dell\.m2\repository\com\github\docker-java\docker-java-api\3.4.0\docker-java-api-3.4.0.jar
[DEBUG]  C:\Users\Dell\.m2\repository\com\fasterxml\jackson\core\jackson-annotations\2.10.3\jackson-annotations-2.10.3.jar
[DEBUG]  C:\Users\Dell\.m2\repository\com\fasterxml\jackson\core\jackson-databind\2.10.3\jackson-databind-2.10.3.jar
[DEBUG]  C:\Users\Dell\.m2\repository\com\fasterxml\jackson\core\jackson-core\2.10.3\jackson-core-2.10.3.jar
[DEBUG]  C:\Users\Dell\.m2\repository\org\slf4j\jcl-over-slf4j\1.7.30\jcl-over-slf4j-1.7.30.jar
[DEBUG]  C:\Users\Dell\.m2\repository\com\github\docker-java\docker-java-transport-httpclient5\3.4.0\docker-java-transport-httpclient5-3.4.0.jar
[DEBUG]  C:\Users\Dell\.m2\repository\com\github\docker-java\docker-java-transport\3.4.0\docker-java-transport-3.4.0.jar
[DEBUG]  C:\Users\Dell\.m2\repository\net\java\dev\jna\jna\5.13.0\jna-5.13.0.jar
[DEBUG]  C:\Users\Dell\.m2\repository\org\brotli\dec\0.1.2\dec-0.1.2.jar
[DEBUG]  C:\Users\Dell\.m2\repository\org\apache\commons\commons-lang3\3.15.0\commons-lang3-3.15.0.jar
[DEBUG]  C:\Users\Dell\.m2\repository\org\apache\commons\commons-compress\1.26.2\commons-compress-1.26.2.jar
[DEBUG]  C:\Users\Dell\.m2\repository\commons-io\commons-io\2.16.1\commons-io-2.16.1.jar
[DEBUG]  C:\Users\Dell\.m2\repository\org\apache\httpcomponents\client5\httpclient5\5.2.1\httpclient5-5.2.1.jar
[DEBUG]  C:\Users\Dell\.m2\repository\org\apache\httpcomponents\core5\httpcore5\5.2\httpcore5-5.2.jar
[DEBUG]  C:\Users\Dell\.m2\repository\org\apache\httpcomponents\core5\httpcore5-h2\5.2\httpcore5-h2-5.2.jar
[DEBUG]  C:\Users\Dell\.m2\repository\org\seleniumhq\selenium\selenium-java\4.31.0\selenium-java-4.31.0.jar
[DEBUG]  C:\Users\Dell\.m2\repository\org\seleniumhq\selenium\selenium-api\4.31.0\selenium-api-4.31.0.jar
[DEBUG]  C:\Users\Dell\.m2\repository\org\jspecify\jspecify\1.0.0\jspecify-1.0.0.jar
[DEBUG]  C:\Users\Dell\.m2\repository\org\seleniumhq\selenium\selenium-chrome-driver\4.31.0\selenium-chrome-driver-4.31.0.jar
[DEBUG]  C:\Users\Dell\.m2\repository\com\google\auto\service\auto-service-annotations\1.1.1\auto-service-annotations-1.1.1.jar
[DEBUG]  C:\Users\Dell\.m2\repository\org\seleniumhq\selenium\selenium-chromium-driver\4.31.0\selenium-chromium-driver-4.31.0.jar
[DEBUG]  C:\Users\Dell\.m2\repository\org\seleniumhq\selenium\selenium-json\4.31.0\selenium-json-4.31.0.jar
[DEBUG]  C:\Users\Dell\.m2\repository\org\seleniumhq\selenium\selenium-manager\4.31.0\selenium-manager-4.31.0.jar
[DEBUG]  C:\Users\Dell\.m2\repository\org\seleniumhq\selenium\selenium-devtools-v133\4.31.0\selenium-devtools-v133-4.31.0.jar
[DEBUG]  C:\Users\Dell\.m2\repository\org\seleniumhq\selenium\selenium-devtools-v134\4.31.0\selenium-devtools-v134-4.31.0.jar
[DEBUG]  C:\Users\Dell\.m2\repository\org\seleniumhq\selenium\selenium-devtools-v135\4.31.0\selenium-devtools-v135-4.31.0.jar
[DEBUG]  C:\Users\Dell\.m2\repository\org\seleniumhq\selenium\selenium-edge-driver\4.31.0\selenium-edge-driver-4.31.0.jar
[DEBUG]  C:\Users\Dell\.m2\repository\org\seleniumhq\selenium\selenium-firefox-driver\4.31.0\selenium-firefox-driver-4.31.0.jar
[DEBUG]  C:\Users\Dell\.m2\repository\org\seleniumhq\selenium\selenium-http\4.31.0\selenium-http-4.31.0.jar
[DEBUG]  C:\Users\Dell\.m2\repository\org\seleniumhq\selenium\selenium-ie-driver\4.31.0\selenium-ie-driver-4.31.0.jar
[DEBUG]  C:\Users\Dell\.m2\repository\org\seleniumhq\selenium\selenium-remote-driver\4.31.0\selenium-remote-driver-4.31.0.jar
[DEBUG]  C:\Users\Dell\.m2\repository\com\google\guava\guava\33.4.6-jre\guava-33.4.6-jre.jar
[DEBUG]  C:\Users\Dell\.m2\repository\com\google\guava\failureaccess\1.0.3\failureaccess-1.0.3.jar
[DEBUG]  C:\Users\Dell\.m2\repository\com\google\guava\listenablefuture\9999.0-empty-to-avoid-conflict-with-guava\listenablefuture-9999.0-empty-to-avoid-conflict-with-guava.jar
[DEBUG]  C:\Users\Dell\.m2\repository\com\google\j2objc\j2objc-annotations\3.0.0\j2objc-annotations-3.0.0.jar
[DEBUG]  C:\Users\Dell\.m2\repository\io\opentelemetry\opentelemetry-api\1.48.0\opentelemetry-api-1.48.0.jar
[DEBUG]  C:\Users\Dell\.m2\repository\io\opentelemetry\opentelemetry-context\1.48.0\opentelemetry-context-1.48.0.jar
[DEBUG]  C:\Users\Dell\.m2\repository\io\opentelemetry\opentelemetry-exporter-logging\1.48.0\opentelemetry-exporter-logging-1.48.0.jar
[DEBUG]  C:\Users\Dell\.m2\repository\io\opentelemetry\opentelemetry-sdk-common\1.48.0\opentelemetry-sdk-common-1.48.0.jar
[DEBUG]  C:\Users\Dell\.m2\repository\io\opentelemetry\opentelemetry-sdk-extension-autoconfigure-spi\1.48.0\opentelemetry-sdk-extension-autoconfigure-spi-1.48.0.jar
[DEBUG]  C:\Users\Dell\.m2\repository\io\opentelemetry\opentelemetry-sdk-extension-autoconfigure\1.48.0\opentelemetry-sdk-extension-autoconfigure-1.48.0.jar
[DEBUG]  C:\Users\Dell\.m2\repository\io\opentelemetry\opentelemetry-sdk-trace\1.48.0\opentelemetry-sdk-trace-1.48.0.jar
[DEBUG]  C:\Users\Dell\.m2\repository\io\opentelemetry\opentelemetry-sdk\1.48.0\opentelemetry-sdk-1.48.0.jar
[DEBUG]  C:\Users\Dell\.m2\repository\io\opentelemetry\opentelemetry-sdk-metrics\1.48.0\opentelemetry-sdk-metrics-1.48.0.jar
[DEBUG]  C:\Users\Dell\.m2\repository\io\opentelemetry\opentelemetry-sdk-logs\1.48.0\opentelemetry-sdk-logs-1.48.0.jar
[DEBUG]  C:\Users\Dell\.m2\repository\net\bytebuddy\byte-buddy\1.17.5\byte-buddy-1.17.5.jar
[DEBUG]  C:\Users\Dell\.m2\repository\org\seleniumhq\selenium\selenium-os\4.31.0\selenium-os-4.31.0.jar
[DEBUG]  C:\Users\Dell\.m2\repository\org\apache\commons\commons-exec\1.4.0\commons-exec-1.4.0.jar
[DEBUG]  C:\Users\Dell\.m2\repository\org\seleniumhq\selenium\selenium-safari-driver\4.31.0\selenium-safari-driver-4.31.0.jar
[DEBUG]  C:\Users\Dell\.m2\repository\org\seleniumhq\selenium\selenium-support\4.31.0\selenium-support-4.31.0.jar
[DEBUG]  C:\Users\Dell\.m2\repository\org\apache\poi\poi\3.9\poi-3.9.jar
[DEBUG]  C:\Users\Dell\.m2\repository\commons-codec\commons-codec\1.5\commons-codec-1.5.jar
[DEBUG]  C:\Users\Dell\.m2\repository\org\apache\poi\poi-ooxml\3.9\poi-ooxml-3.9.jar
[DEBUG]  C:\Users\Dell\.m2\repository\dom4j\dom4j\1.6.1\dom4j-1.6.1.jar
[DEBUG]  C:\Users\Dell\.m2\repository\xml-apis\xml-apis\1.0.b2\xml-apis-1.0.b2.jar
[DEBUG]  C:\Users\Dell\.m2\repository\org\apache\poi\poi-ooxml-schemas\3.9\poi-ooxml-schemas-3.9.jar
[DEBUG]  C:\Users\Dell\.m2\repository\org\apache\xmlbeans\xmlbeans\2.3.0\xmlbeans-2.3.0.jar
[DEBUG]  C:\Users\Dell\.m2\repository\stax\stax-api\1.0.1\stax-api-1.0.1.jar
[DEBUG]  C:\Users\Dell\.m2\repository\org\apache\poi\poi-scratchpad\3.9\poi-scratchpad-3.9.jar
[DEBUG]  C:\Users\Dell\.m2\repository\org\apache\poi\ooxml-schemas\1.1\ooxml-schemas-1.1.jar
[DEBUG]  C:\Users\Dell\.m2\repository\org\apache\poi\openxml4j\1.0-beta\openxml4j-1.0-beta.jar
[DEBUG]  C:\Users\Dell\.m2\repository\log4j\log4j\1.2.8\log4j-1.2.8.jar
[DEBUG]  C:\Users\Dell\.m2\repository\com\aventstack\extentreports\5.0.8\extentreports-5.0.8.jar
[DEBUG]  C:\Users\Dell\.m2\repository\io\reactivex\rxjava3\rxjava\3.0.4\rxjava-3.0.4.jar
[DEBUG]  C:\Users\Dell\.m2\repository\org\reactivestreams\reactive-streams\1.0.3\reactive-streams-1.0.3.jar
[DEBUG]  C:\Users\Dell\.m2\repository\org\freemarker\freemarker\2.3.30\freemarker-2.3.30.jar
[DEBUG]  C:\Users\Dell\.m2\repository\io\qameta\allure\allure-testng\2.29.1\allure-testng-2.29.1.jar
[DEBUG]  C:\Users\Dell\.m2\repository\io\qameta\allure\allure-java-commons\2.29.1\allure-java-commons-2.29.1.jar
[DEBUG]  C:\Users\Dell\.m2\repository\io\qameta\allure\allure-model\2.29.1\allure-model-2.29.1.jar
[DEBUG]  C:\Users\Dell\.m2\repository\org\aspectj\aspectjweaver\1.9.21\aspectjweaver-1.9.21.jar
[DEBUG]  C:\Users\Dell\.m2\repository\org\apache\logging\log4j\log4j-api\2.14.1\log4j-api-2.14.1.jar
[DEBUG]  C:\Users\Dell\.m2\repository\org\apache\logging\log4j\log4j-core\2.14.1\log4j-core-2.14.1.jar
[DEBUG]  C:\Users\Dell\.m2\repository\org\projectlombok\lombok\1.18.36\lombok-1.18.36.jar
[DEBUG] Source roots:
[DEBUG]  C:\Users\Dell\Downloads\Automation\AutomationFramework\workspace\SeleniumPOMTestNGFramework\src\main\java
[DEBUG]  C:\Users\Dell\Downloads\Automation\AutomationFramework\workspace\SeleniumPOMTestNGFramework\target\generated-sources\annotations
[DEBUG] Command line options:
[DEBUG] -d C:\Users\Dell\Downloads\Automation\AutomationFramework\workspace\SeleniumPOMTestNGFramework\target\classes -classpath C:\Users\Dell\Downloads\Automation\AutomationFramework\workspace\SeleniumPOMTestNGFramework\target\classes;C:\Users\Dell\.m2\repository\io\github\bonigarcia\webdrivermanager\5.9.2\webdrivermanager-5.9.2.jar;C:\Users\Dell\.m2\repository\org\slf4j\slf4j-api\2.0.13\slf4j-api-2.0.13.jar;C:\Users\Dell\.m2\repository\com\google\code\gson\gson\2.11.0\gson-2.11.0.jar;C:\Users\Dell\.m2\repository\com\google\errorprone\error_prone_annotations\2.27.0\error_prone_annotations-2.27.0.jar;C:\Users\Dell\.m2\repository\com\github\docker-java\docker-java\3.4.0\docker-java-3.4.0.jar;C:\Users\Dell\.m2\repository\com\github\docker-java\docker-java-core\3.4.0\docker-java-core-3.4.0.jar;C:\Users\Dell\.m2\repository\com\github\docker-java\docker-java-api\3.4.0\docker-java-api-3.4.0.jar;C:\Users\Dell\.m2\repository\com\fasterxml\jackson\core\jackson-annotations\2.10.3\jackson-annotations-2.10.3.jar;C:\Users\Dell\.m2\repository\com\fasterxml\jackson\core\jackson-databind\2.10.3\jackson-databind-2.10.3.jar;C:\Users\Dell\.m2\repository\com\fasterxml\jackson\core\jackson-core\2.10.3\jackson-core-2.10.3.jar;C:\Users\Dell\.m2\repository\org\slf4j\jcl-over-slf4j\1.7.30\jcl-over-slf4j-1.7.30.jar;C:\Users\Dell\.m2\repository\com\github\docker-java\docker-java-transport-httpclient5\3.4.0\docker-java-transport-httpclient5-3.4.0.jar;C:\Users\Dell\.m2\repository\com\github\docker-java\docker-java-transport\3.4.0\docker-java-transport-3.4.0.jar;C:\Users\Dell\.m2\repository\net\java\dev\jna\jna\5.13.0\jna-5.13.0.jar;C:\Users\Dell\.m2\repository\org\brotli\dec\0.1.2\dec-0.1.2.jar;C:\Users\Dell\.m2\repository\org\apache\commons\commons-lang3\3.15.0\commons-lang3-3.15.0.jar;C:\Users\Dell\.m2\repository\org\apache\commons\commons-compress\1.26.2\commons-compress-1.26.2.jar;C:\Users\Dell\.m2\repository\commons-io\commons-io\2.16.1\commons-io-2.16.1.jar;C:\Users\Dell\.m2\repository\org\apache\httpcomponents\client5\httpclient5\5.2.1\httpclient5-5.2.1.jar;C:\Users\Dell\.m2\repository\org\apache\httpcomponents\core5\httpcore5\5.2\httpcore5-5.2.jar;C:\Users\Dell\.m2\repository\org\apache\httpcomponents\core5\httpcore5-h2\5.2\httpcore5-h2-5.2.jar;C:\Users\Dell\.m2\repository\org\seleniumhq\selenium\selenium-java\4.31.0\selenium-java-4.31.0.jar;C:\Users\Dell\.m2\repository\org\seleniumhq\selenium\selenium-api\4.31.0\selenium-api-4.31.0.jar;C:\Users\Dell\.m2\repository\org\jspecify\jspecify\1.0.0\jspecify-1.0.0.jar;C:\Users\Dell\.m2\repository\org\seleniumhq\selenium\selenium-chrome-driver\4.31.0\selenium-chrome-driver-4.31.0.jar;C:\Users\Dell\.m2\repository\com\google\auto\service\auto-service-annotations\1.1.1\auto-service-annotations-1.1.1.jar;C:\Users\Dell\.m2\repository\org\seleniumhq\selenium\selenium-chromium-driver\4.31.0\selenium-chromium-driver-4.31.0.jar;C:\Users\Dell\.m2\repository\org\seleniumhq\selenium\selenium-json\4.31.0\selenium-json-4.31.0.jar;C:\Users\Dell\.m2\repository\org\seleniumhq\selenium\selenium-manager\4.31.0\selenium-manager-4.31.0.jar;C:\Users\Dell\.m2\repository\org\seleniumhq\selenium\selenium-devtools-v133\4.31.0\selenium-devtools-v133-4.31.0.jar;C:\Users\Dell\.m2\repository\org\seleniumhq\selenium\selenium-devtools-v134\4.31.0\selenium-devtools-v134-4.31.0.jar;C:\Users\Dell\.m2\repository\org\seleniumhq\selenium\selenium-devtools-v135\4.31.0\selenium-devtools-v135-4.31.0.jar;C:\Users\Dell\.m2\repository\org\seleniumhq\selenium\selenium-edge-driver\4.31.0\selenium-edge-driver-4.31.0.jar;C:\Users\Dell\.m2\repository\org\seleniumhq\selenium\selenium-firefox-driver\4.31.0\selenium-firefox-driver-4.31.0.jar;C:\Users\Dell\.m2\repository\org\seleniumhq\selenium\selenium-http\4.31.0\selenium-http-4.31.0.jar;C:\Users\Dell\.m2\repository\org\seleniumhq\selenium\selenium-ie-driver\4.31.0\selenium-ie-driver-4.31.0.jar;C:\Users\Dell\.m2\repository\org\seleniumhq\selenium\selenium-remote-driver\4.31.0\selenium-remote-driver-4.31.0.jar;C:\Users\Dell\.m2\repository\com\google\guava\guava\33.4.6-jre\guava-33.4.6-jre.jar;C:\Users\Dell\.m2\repository\com\google\guava\failureaccess\1.0.3\failureaccess-1.0.3.jar;C:\Users\Dell\.m2\repository\com\google\guava\listenablefuture\9999.0-empty-to-avoid-conflict-with-guava\listenablefuture-9999.0-empty-to-avoid-conflict-with-guava.jar;C:\Users\Dell\.m2\repository\com\google\j2objc\j2objc-annotations\3.0.0\j2objc-annotations-3.0.0.jar;C:\Users\Dell\.m2\repository\io\opentelemetry\opentelemetry-api\1.48.0\opentelemetry-api-1.48.0.jar;C:\Users\Dell\.m2\repository\io\opentelemetry\opentelemetry-context\1.48.0\opentelemetry-context-1.48.0.jar;C:\Users\Dell\.m2\repository\io\opentelemetry\opentelemetry-exporter-logging\1.48.0\opentelemetry-exporter-logging-1.48.0.jar;C:\Users\Dell\.m2\repository\io\opentelemetry\opentelemetry-sdk-common\1.48.0\opentelemetry-sdk-common-1.48.0.jar;C:\Users\Dell\.m2\repository\io\opentelemetry\opentelemetry-sdk-extension-autoconfigure-spi\1.48.0\opentelemetry-sdk-extension-autoconfigure-spi-1.48.0.jar;C:\Users\Dell\.m2\repository\io\opentelemetry\opentelemetry-sdk-extension-autoconfigure\1.48.0\opentelemetry-sdk-extension-autoconfigure-1.48.0.jar;C:\Users\Dell\.m2\repository\io\opentelemetry\opentelemetry-sdk-trace\1.48.0\opentelemetry-sdk-trace-1.48.0.jar;C:\Users\Dell\.m2\repository\io\opentelemetry\opentelemetry-sdk\1.48.0\opentelemetry-sdk-1.48.0.jar;C:\Users\Dell\.m2\repository\io\opentelemetry\opentelemetry-sdk-metrics\1.48.0\opentelemetry-sdk-metrics-1.48.0.jar;C:\Users\Dell\.m2\repository\io\opentelemetry\opentelemetry-sdk-logs\1.48.0\opentelemetry-sdk-logs-1.48.0.jar;C:\Users\Dell\.m2\repository\net\bytebuddy\byte-buddy\1.17.5\byte-buddy-1.17.5.jar;C:\Users\Dell\.m2\repository\org\seleniumhq\selenium\selenium-os\4.31.0\selenium-os-4.31.0.jar;C:\Users\Dell\.m2\repository\org\apache\commons\commons-exec\1.4.0\commons-exec-1.4.0.jar;C:\Users\Dell\.m2\repository\org\seleniumhq\selenium\selenium-safari-driver\4.31.0\selenium-safari-driver-4.31.0.jar;C:\Users\Dell\.m2\repository\org\seleniumhq\selenium\selenium-support\4.31.0\selenium-support-4.31.0.jar;C:\Users\Dell\.m2\repository\org\apache\poi\poi\3.9\poi-3.9.jar;C:\Users\Dell\.m2\repository\commons-codec\commons-codec\1.5\commons-codec-1.5.jar;C:\Users\Dell\.m2\repository\org\apache\poi\poi-ooxml\3.9\poi-ooxml-3.9.jar;C:\Users\Dell\.m2\repository\dom4j\dom4j\1.6.1\dom4j-1.6.1.jar;C:\Users\Dell\.m2\repository\xml-apis\xml-apis\1.0.b2\xml-apis-1.0.b2.jar;C:\Users\Dell\.m2\repository\org\apache\poi\poi-ooxml-schemas\3.9\poi-ooxml-schemas-3.9.jar;C:\Users\Dell\.m2\repository\org\apache\xmlbeans\xmlbeans\2.3.0\xmlbeans-2.3.0.jar;C:\Users\Dell\.m2\repository\stax\stax-api\1.0.1\stax-api-1.0.1.jar;C:\Users\Dell\.m2\repository\org\apache\poi\poi-scratchpad\3.9\poi-scratchpad-3.9.jar;C:\Users\Dell\.m2\repository\org\apache\poi\ooxml-schemas\1.1\ooxml-schemas-1.1.jar;C:\Users\Dell\.m2\repository\org\apache\poi\openxml4j\1.0-beta\openxml4j-1.0-beta.jar;C:\Users\Dell\.m2\repository\log4j\log4j\1.2.8\log4j-1.2.8.jar;C:\Users\Dell\.m2\repository\com\aventstack\extentreports\5.0.8\extentreports-5.0.8.jar;C:\Users\Dell\.m2\repository\io\reactivex\rxjava3\rxjava\3.0.4\rxjava-3.0.4.jar;C:\Users\Dell\.m2\repository\org\reactivestreams\reactive-streams\1.0.3\reactive-streams-1.0.3.jar;C:\Users\Dell\.m2\repository\org\freemarker\freemarker\2.3.30\freemarker-2.3.30.jar;C:\Users\Dell\.m2\repository\io\qameta\allure\allure-testng\2.29.1\allure-testng-2.29.1.jar;C:\Users\Dell\.m2\repository\io\qameta\allure\allure-java-commons\2.29.1\allure-java-commons-2.29.1.jar;C:\Users\Dell\.m2\repository\io\qameta\allure\allure-model\2.29.1\allure-model-2.29.1.jar;C:\Users\Dell\.m2\repository\org\aspectj\aspectjweaver\1.9.21\aspectjweaver-1.9.21.jar;C:\Users\Dell\.m2\repository\org\apache\logging\log4j\log4j-api\2.14.1\log4j-api-2.14.1.jar;C:\Users\Dell\.m2\repository\org\apache\logging\log4j\log4j-core\2.14.1\log4j-core-2.14.1.jar;C:\Users\Dell\.m2\repository\org\projectlombok\lombok\1.18.36\lombok-1.18.36.jar; -sourcepath C:\Users\Dell\Downloads\Automation\AutomationFramework\workspace\SeleniumPOMTestNGFramework\src\main\java;C:\Users\Dell\Downloads\Automation\AutomationFramework\workspace\SeleniumPOMTestNGFramework\target\generated-sources\annotations; -s C:\Users\Dell\Downloads\Automation\AutomationFramework\workspace\SeleniumPOMTestNGFramework\target\generated-sources\annotations -g -nowarn -target 17 -source 17 -encoding UTF-8
[DEBUG] incrementalBuildHelper#beforeRebuildExecution
[INFO] Compiling 19 source files to C:\Users\Dell\Downloads\Automation\AutomationFramework\workspace\SeleniumPOMTestNGFramework\target\classes
[DEBUG] incrementalBuildHelper#afterRebuildExecution
[INFO] -------------------------------------------------------------
[ERROR] COMPILATION ERROR : 
[INFO] -------------------------------------------------------------
[ERROR] /C:/Users/Dell/Downloads/Automation/AutomationFramework/workspace/SeleniumPOMTestNGFramework/src/main/java/com/qa/crm/listeners/Retry.java:[3,18] package org.testng does not exist
[ERROR] /C:/Users/Dell/Downloads/Automation/AutomationFramework/workspace/SeleniumPOMTestNGFramework/src/main/java/com/qa/crm/listeners/Retry.java:[4,18] package org.testng does not exist
[ERROR] /C:/Users/Dell/Downloads/Automation/AutomationFramework/workspace/SeleniumPOMTestNGFramework/src/main/java/com/qa/crm/listeners/Retry.java:[6,31] cannot find symbol
  symbol: class IRetryAnalyzer
[ERROR] /C:/Users/Dell/Downloads/Automation/AutomationFramework/workspace/SeleniumPOMTestNGFramework/src/main/java/com/qa/crm/listeners/Retry.java:[11,30] cannot find symbol
  symbol:   class ITestResult
  location: class com.qa.crm.listeners.Retry
[ERROR] /C:/Users/Dell/Downloads/Automation/AutomationFramework/workspace/SeleniumPOMTestNGFramework/src/main/java/com/qa/crm/listeners/TestAllureListener.java:[7,18] package org.testng does not exist
[ERROR] /C:/Users/Dell/Downloads/Automation/AutomationFramework/workspace/SeleniumPOMTestNGFramework/src/main/java/com/qa/crm/listeners/TestAllureListener.java:[8,18] package org.testng does not exist
[ERROR] /C:/Users/Dell/Downloads/Automation/AutomationFramework/workspace/SeleniumPOMTestNGFramework/src/main/java/com/qa/crm/listeners/TestAllureListener.java:[9,18] package org.testng does not exist
[ERROR] /C:/Users/Dell/Downloads/Automation/AutomationFramework/workspace/SeleniumPOMTestNGFramework/src/main/java/com/qa/crm/listeners/TestAllureListener.java:[14,44] cannot find symbol
  symbol: class ITestListener
[ERROR] /C:/Users/Dell/Downloads/Automation/AutomationFramework/workspace/SeleniumPOMTestNGFramework/src/main/java/com/qa/crm/listeners/TestAllureListener.java:[16,49] cannot find symbol
  symbol:   class ITestResult
  location: class com.qa.crm.listeners.TestAllureListener
[ERROR] /C:/Users/Dell/Downloads/Automation/AutomationFramework/workspace/SeleniumPOMTestNGFramework/src/main/java/com/qa/crm/listeners/TestAllureListener.java:[40,29] cannot find symbol
  symbol:   class ITestContext
  location: class com.qa.crm.listeners.TestAllureListener
[ERROR] /C:/Users/Dell/Downloads/Automation/AutomationFramework/workspace/SeleniumPOMTestNGFramework/src/main/java/com/qa/crm/listeners/TestAllureListener.java:[46,30] cannot find symbol
  symbol:   class ITestContext
  location: class com.qa.crm.listeners.TestAllureListener
[ERROR] /C:/Users/Dell/Downloads/Automation/AutomationFramework/workspace/SeleniumPOMTestNGFramework/src/main/java/com/qa/crm/listeners/TestAllureListener.java:[51,33] cannot find symbol
  symbol:   class ITestResult
  location: class com.qa.crm.listeners.TestAllureListener
[ERROR] /C:/Users/Dell/Downloads/Automation/AutomationFramework/workspace/SeleniumPOMTestNGFramework/src/main/java/com/qa/crm/listeners/TestAllureListener.java:[56,35] cannot find symbol
  symbol:   class ITestResult
  location: class com.qa.crm.listeners.TestAllureListener
[ERROR] /C:/Users/Dell/Downloads/Automation/AutomationFramework/workspace/SeleniumPOMTestNGFramework/src/main/java/com/qa/crm/listeners/TestAllureListener.java:[61,35] cannot find symbol
  symbol:   class ITestResult
  location: class com.qa.crm.listeners.TestAllureListener
[ERROR] /C:/Users/Dell/Downloads/Automation/AutomationFramework/workspace/SeleniumPOMTestNGFramework/src/main/java/com/qa/crm/listeners/TestAllureListener.java:[75,35] cannot find symbol
  symbol:   class ITestResult
  location: class com.qa.crm.listeners.TestAllureListener
[ERROR] /C:/Users/Dell/Downloads/Automation/AutomationFramework/workspace/SeleniumPOMTestNGFramework/src/main/java/com/qa/crm/listeners/TestAllureListener.java:[80,60] cannot find symbol
  symbol:   class ITestResult
  location: class com.qa.crm.listeners.TestAllureListener
[ERROR] /C:/Users/Dell/Downloads/Automation/AutomationFramework/workspace/SeleniumPOMTestNGFramework/src/main/java/com/qa/crm/listeners/ExtentReportListener.java:[10,18] package org.testng does not exist
[ERROR] /C:/Users/Dell/Downloads/Automation/AutomationFramework/workspace/SeleniumPOMTestNGFramework/src/main/java/com/qa/crm/listeners/ExtentReportListener.java:[11,18] package org.testng does not exist
[ERROR] /C:/Users/Dell/Downloads/Automation/AutomationFramework/workspace/SeleniumPOMTestNGFramework/src/main/java/com/qa/crm/listeners/ExtentReportListener.java:[12,18] package org.testng does not exist
[ERROR] /C:/Users/Dell/Downloads/Automation/AutomationFramework/workspace/SeleniumPOMTestNGFramework/src/main/java/com/qa/crm/listeners/ExtentReportListener.java:[21,46] cannot find symbol
  symbol: class ITestListener
[ERROR] /C:/Users/Dell/Downloads/Automation/AutomationFramework/workspace/SeleniumPOMTestNGFramework/src/main/java/com/qa/crm/listeners/ExtentReportListener.java:[57,42] cannot find symbol
  symbol:   class ITestContext
  location: class com.qa.crm.listeners.ExtentReportListener
[ERROR] /C:/Users/Dell/Downloads/Automation/AutomationFramework/workspace/SeleniumPOMTestNGFramework/src/main/java/com/qa/crm/listeners/ExtentReportListener.java:[63,43] cannot find symbol
  symbol:   class ITestContext
  location: class com.qa.crm.listeners.ExtentReportListener
[ERROR] /C:/Users/Dell/Downloads/Automation/AutomationFramework/workspace/SeleniumPOMTestNGFramework/src/main/java/com/qa/crm/listeners/ExtentReportListener.java:[70,46] cannot find symbol
  symbol:   class ITestResult
  location: class com.qa.crm.listeners.ExtentReportListener
[ERROR] /C:/Users/Dell/Downloads/Automation/AutomationFramework/workspace/SeleniumPOMTestNGFramework/src/main/java/com/qa/crm/listeners/ExtentReportListener.java:[91,48] cannot find symbol
  symbol:   class ITestResult
  location: class com.qa.crm.listeners.ExtentReportListener
[ERROR] /C:/Users/Dell/Downloads/Automation/AutomationFramework/workspace/SeleniumPOMTestNGFramework/src/main/java/com/qa/crm/listeners/ExtentReportListener.java:[99,48] cannot find symbol
  symbol:   class ITestResult
  location: class com.qa.crm.listeners.ExtentReportListener
[ERROR] /C:/Users/Dell/Downloads/Automation/AutomationFramework/workspace/SeleniumPOMTestNGFramework/src/main/java/com/qa/crm/listeners/ExtentReportListener.java:[107,48] cannot find symbol
  symbol:   class ITestResult
  location: class com.qa.crm.listeners.ExtentReportListener
[ERROR] /C:/Users/Dell/Downloads/Automation/AutomationFramework/workspace/SeleniumPOMTestNGFramework/src/main/java/com/qa/crm/listeners/ExtentReportListener.java:[115,73] cannot find symbol
  symbol:   class ITestResult
  location: class com.qa.crm.listeners.ExtentReportListener
[ERROR] /C:/Users/Dell/Downloads/Automation/AutomationFramework/workspace/SeleniumPOMTestNGFramework/src/main/java/com/qa/crm/listeners/AnnotationTransformer.java:[5,18] package org.testng does not exist
[ERROR] /C:/Users/Dell/Downloads/Automation/AutomationFramework/workspace/SeleniumPOMTestNGFramework/src/main/java/com/qa/crm/listeners/AnnotationTransformer.java:[6,30] package org.testng.annotations does not exist
[ERROR] /C:/Users/Dell/Downloads/Automation/AutomationFramework/workspace/SeleniumPOMTestNGFramework/src/main/java/com/qa/crm/listeners/AnnotationTransformer.java:[8,47] cannot find symbol
  symbol: class IAnnotationTransformer
[ERROR] /C:/Users/Dell/Downloads/Automation/AutomationFramework/workspace/SeleniumPOMTestNGFramework/src/main/java/com/qa/crm/listeners/AnnotationTransformer.java:[10,31] cannot find symbol
  symbol:   class ITestAnnotation
  location: class com.qa.crm.listeners.AnnotationTransformer
[INFO] 31 errors 
[INFO] -------------------------------------------------------------
[INFO] ------------------------------------------------------------------------
[INFO] BUILD FAILURE
[INFO] ------------------------------------------------------------------------
[INFO] Total time:  5.120 s
[INFO] Finished at: 2025-04-27T23:15:56+05:30
[INFO] ------------------------------------------------------------------------
[ERROR] Failed to execute goal org.apache.maven.plugins:maven-compiler-plugin:3.10.1:compile (default-compile) on project SeleniumPOMTestNGFramework: Compilation failure: Compilation failure: 
[ERROR] /C:/Users/Dell/Downloads/Automation/AutomationFramework/workspace/SeleniumPOMTestNGFramework/src/main/java/com/qa/crm/listeners/Retry.java:[3,18] package org.testng does not exist
[ERROR] /C:/Users/Dell/Downloads/Automation/AutomationFramework/workspace/SeleniumPOMTestNGFramework/src/main/java/com/qa/crm/listeners/Retry.java:[4,18] package org.testng does not exist
[ERROR] /C:/Users/Dell/Downloads/Automation/AutomationFramework/workspace/SeleniumPOMTestNGFramework/src/main/java/com/qa/crm/listeners/Retry.java:[6,31] cannot find symbol
[ERROR]   symbol: class IRetryAnalyzer
[ERROR] /C:/Users/Dell/Downloads/Automation/AutomationFramework/workspace/SeleniumPOMTestNGFramework/src/main/java/com/qa/crm/listeners/Retry.java:[11,30] cannot find symbol
[ERROR]   symbol:   class ITestResult
[ERROR]   location: class com.qa.crm.listeners.Retry
[ERROR] /C:/Users/Dell/Downloads/Automation/AutomationFramework/workspace/SeleniumPOMTestNGFramework/src/main/java/com/qa/crm/listeners/TestAllureListener.java:[7,18] package org.testng does not exist
[ERROR] /C:/Users/Dell/Downloads/Automation/AutomationFramework/workspace/SeleniumPOMTestNGFramework/src/main/java/com/qa/crm/listeners/TestAllureListener.java:[8,18] package org.testng does not exist
[ERROR] /C:/Users/Dell/Downloads/Automation/AutomationFramework/workspace/SeleniumPOMTestNGFramework/src/main/java/com/qa/crm/listeners/TestAllureListener.java:[9,18] package org.testng does not exist
[ERROR] /C:/Users/Dell/Downloads/Automation/AutomationFramework/workspace/SeleniumPOMTestNGFramework/src/main/java/com/qa/crm/listeners/TestAllureListener.java:[14,44] cannot find symbol
[ERROR]   symbol: class ITestListener
[ERROR] /C:/Users/Dell/Downloads/Automation/AutomationFramework/workspace/SeleniumPOMTestNGFramework/src/main/java/com/qa/crm/listeners/TestAllureListener.java:[16,49] cannot find symbol
[ERROR]   symbol:   class ITestResult
[ERROR]   location: class com.qa.crm.listeners.TestAllureListener
[ERROR] /C:/Users/Dell/Downloads/Automation/AutomationFramework/workspace/SeleniumPOMTestNGFramework/src/main/java/com/qa/crm/listeners/TestAllureListener.java:[40,29] cannot find symbol
[ERROR]   symbol:   class ITestContext
[ERROR]   location: class com.qa.crm.listeners.TestAllureListener
[ERROR] /C:/Users/Dell/Downloads/Automation/AutomationFramework/workspace/SeleniumPOMTestNGFramework/src/main/java/com/qa/crm/listeners/TestAllureListener.java:[46,30] cannot find symbol
[ERROR]   symbol:   class ITestContext
[ERROR]   location: class com.qa.crm.listeners.TestAllureListener
[ERROR] /C:/Users/Dell/Downloads/Automation/AutomationFramework/workspace/SeleniumPOMTestNGFramework/src/main/java/com/qa/crm/listeners/TestAllureListener.java:[51,33] cannot find symbol
[ERROR]   symbol:   class ITestResult
[ERROR]   location: class com.qa.crm.listeners.TestAllureListener
[ERROR] /C:/Users/Dell/Downloads/Automation/AutomationFramework/workspace/SeleniumPOMTestNGFramework/src/main/java/com/qa/crm/listeners/TestAllureListener.java:[56,35] cannot find symbol
[ERROR]   symbol:   class ITestResult
[ERROR]   location: class com.qa.crm.listeners.TestAllureListener
[ERROR] /C:/Users/Dell/Downloads/Automation/AutomationFramework/workspace/SeleniumPOMTestNGFramework/src/main/java/com/qa/crm/listeners/TestAllureListener.java:[61,35] cannot find symbol
[ERROR]   symbol:   class ITestResult
[ERROR]   location: class com.qa.crm.listeners.TestAllureListener
[ERROR] /C:/Users/Dell/Downloads/Automation/AutomationFramework/workspace/SeleniumPOMTestNGFramework/src/main/java/com/qa/crm/listeners/TestAllureListener.java:[75,35] cannot find symbol
[ERROR]   symbol:   class ITestResult
[ERROR]   location: class com.qa.crm.listeners.TestAllureListener
[ERROR] /C:/Users/Dell/Downloads/Automation/AutomationFramework/workspace/SeleniumPOMTestNGFramework/src/main/java/com/qa/crm/listeners/TestAllureListener.java:[80,60] cannot find symbol
[ERROR]   symbol:   class ITestResult
[ERROR]   location: class com.qa.crm.listeners.TestAllureListener
[ERROR] /C:/Users/Dell/Downloads/Automation/AutomationFramework/workspace/SeleniumPOMTestNGFramework/src/main/java/com/qa/crm/listeners/ExtentReportListener.java:[10,18] package org.testng does not exist
[ERROR] /C:/Users/Dell/Downloads/Automation/AutomationFramework/workspace/SeleniumPOMTestNGFramework/src/main/java/com/qa/crm/listeners/ExtentReportListener.java:[11,18] package org.testng does not exist
[ERROR] /C:/Users/Dell/Downloads/Automation/AutomationFramework/workspace/SeleniumPOMTestNGFramework/src/main/java/com/qa/crm/listeners/ExtentReportListener.java:[12,18] package org.testng does not exist
[ERROR] /C:/Users/Dell/Downloads/Automation/AutomationFramework/workspace/SeleniumPOMTestNGFramework/src/main/java/com/qa/crm/listeners/ExtentReportListener.java:[21,46] cannot find symbol
[ERROR]   symbol: class ITestListener
[ERROR] /C:/Users/Dell/Downloads/Automation/AutomationFramework/workspace/SeleniumPOMTestNGFramework/src/main/java/com/qa/crm/listeners/ExtentReportListener.java:[57,42] cannot find symbol
[ERROR]   symbol:   class ITestContext
[ERROR]   location: class com.qa.crm.listeners.ExtentReportListener
[ERROR] /C:/Users/Dell/Downloads/Automation/AutomationFramework/workspace/SeleniumPOMTestNGFramework/src/main/java/com/qa/crm/listeners/ExtentReportListener.java:[63,43] cannot find symbol
[ERROR]   symbol:   class ITestContext
[ERROR]   location: class com.qa.crm.listeners.ExtentReportListener
[ERROR] /C:/Users/Dell/Downloads/Automation/AutomationFramework/workspace/SeleniumPOMTestNGFramework/src/main/java/com/qa/crm/listeners/ExtentReportListener.java:[70,46] cannot find symbol
[ERROR]   symbol:   class ITestResult
[ERROR]   location: class com.qa.crm.listeners.ExtentReportListener
[ERROR] /C:/Users/Dell/Downloads/Automation/AutomationFramework/workspace/SeleniumPOMTestNGFramework/src/main/java/com/qa/crm/listeners/ExtentReportListener.java:[91,48] cannot find symbol
[ERROR]   symbol:   class ITestResult
[ERROR]   location: class com.qa.crm.listeners.ExtentReportListener
[ERROR] /C:/Users/Dell/Downloads/Automation/AutomationFramework/workspace/SeleniumPOMTestNGFramework/src/main/java/com/qa/crm/listeners/ExtentReportListener.java:[99,48] cannot find symbol
[ERROR]   symbol:   class ITestResult
[ERROR]   location: class com.qa.crm.listeners.ExtentReportListener
[ERROR] /C:/Users/Dell/Downloads/Automation/AutomationFramework/workspace/SeleniumPOMTestNGFramework/src/main/java/com/qa/crm/listeners/ExtentReportListener.java:[107,48] cannot find symbol
[ERROR]   symbol:   class ITestResult
[ERROR]   location: class com.qa.crm.listeners.ExtentReportListener
[ERROR] /C:/Users/Dell/Downloads/Automation/AutomationFramework/workspace/SeleniumPOMTestNGFramework/src/main/java/com/qa/crm/listeners/ExtentReportListener.java:[115,73] cannot find symbol
[ERROR]   symbol:   class ITestResult
[ERROR]   location: class com.qa.crm.listeners.ExtentReportListener
[ERROR] /C:/Users/Dell/Downloads/Automation/AutomationFramework/workspace/SeleniumPOMTestNGFramework/src/main/java/com/qa/crm/listeners/AnnotationTransformer.java:[5,18] package org.testng does not exist
[ERROR] /C:/Users/Dell/Downloads/Automation/AutomationFramework/workspace/SeleniumPOMTestNGFramework/src/main/java/com/qa/crm/listeners/AnnotationTransformer.java:[6,30] package org.testng.annotations does not exist
[ERROR] /C:/Users/Dell/Downloads/Automation/AutomationFramework/workspace/SeleniumPOMTestNGFramework/src/main/java/com/qa/crm/listeners/AnnotationTransformer.java:[8,47] cannot find symbol
[ERROR]   symbol: class IAnnotationTransformer
[ERROR] /C:/Users/Dell/Downloads/Automation/AutomationFramework/workspace/SeleniumPOMTestNGFramework/src/main/java/com/qa/crm/listeners/AnnotationTransformer.java:[10,31] cannot find symbol
[ERROR]   symbol:   class ITestAnnotation
[ERROR]   location: class com.qa.crm.listeners.AnnotationTransformer
[ERROR] -> [Help 1]
org.apache.maven.lifecycle.LifecycleExecutionException: Failed to execute goal org.apache.maven.plugins:maven-compiler-plugin:3.10.1:compile (default-compile) on project SeleniumPOMTestNGFramework: Compilation failure
    at org.apache.maven.lifecycle.internal.MojoExecutor.doExecute2 (MojoExecutor.java:333)
    at org.apache.maven.lifecycle.internal.MojoExecutor.doExecute (MojoExecutor.java:316)
    at org.apache.maven.lifecycle.internal.MojoExecutor.execute (MojoExecutor.java:212)
    at org.apache.maven.lifecycle.internal.MojoExecutor.execute (MojoExecutor.java:174)
    at org.apache.maven.lifecycle.internal.MojoExecutor.access$000 (MojoExecutor.java:75)
    at org.apache.maven.lifecycle.internal.MojoExecutor$1.run (MojoExecutor.java:162)
    at org.apache.maven.plugin.DefaultMojosExecutionStrategy.execute (DefaultMojosExecutionStrategy.java:39)
    at org.apache.maven.lifecycle.internal.MojoExecutor.execute (MojoExecutor.java:159)
    at org.apache.maven.lifecycle.internal.LifecycleModuleBuilder.buildProject (LifecycleModuleBuilder.java:105)
    at org.apache.maven.lifecycle.internal.LifecycleModuleBuilder.buildProject (LifecycleModuleBuilder.java:73)
    at org.apache.maven.lifecycle.internal.builder.singlethreaded.SingleThreadedBuilder.build (SingleThreadedBuilder.java:53)
    at org.apache.maven.lifecycle.internal.LifecycleStarter.execute (LifecycleStarter.java:118)
    at org.apache.maven.DefaultMaven.doExecute (DefaultMaven.java:261)
    at org.apache.maven.DefaultMaven.doExecute (DefaultMaven.java:173)
    at org.apache.maven.DefaultMaven.execute (DefaultMaven.java:101)
    at org.apache.maven.cli.MavenCli.execute (MavenCli.java:906)
    at org.apache.maven.cli.MavenCli.doMain (MavenCli.java:283)
    at org.apache.maven.cli.MavenCli.main (MavenCli.java:206)
    at jdk.internal.reflect.NativeMethodAccessorImpl.invoke0 (Native Method)
    at jdk.internal.reflect.NativeMethodAccessorImpl.invoke (NativeMethodAccessorImpl.java:77)
    at jdk.internal.reflect.DelegatingMethodAccessorImpl.invoke (DelegatingMethodAccessorImpl.java:43)
    at java.lang.reflect.Method.invoke (Method.java:568)
    at org.codehaus.plexus.classworlds.launcher.Launcher.launchEnhanced (Launcher.java:255)
    at org.codehaus.plexus.classworlds.launcher.Launcher.launch (Launcher.java:201)
    at org.codehaus.plexus.classworlds.launcher.Launcher.mainWithExitCode (Launcher.java:361)
    at org.codehaus.plexus.classworlds.launcher.Launcher.main (Launcher.java:314)
Caused by: org.apache.maven.plugin.compiler.CompilationFailureException: Compilation failure
    at org.apache.maven.plugin.compiler.AbstractCompilerMojo.execute (AbstractCompilerMojo.java:1310)
    at org.apache.maven.plugin.compiler.CompilerMojo.execute (CompilerMojo.java:198)
    at org.apache.maven.plugin.DefaultBuildPluginManager.executeMojo (DefaultBuildPluginManager.java:126)
    at org.apache.maven.lifecycle.internal.MojoExecutor.doExecute2 (MojoExecutor.java:328)
    at org.apache.maven.lifecycle.internal.MojoExecutor.doExecute (MojoExecutor.java:316)
    at org.apache.maven.lifecycle.internal.MojoExecutor.execute (MojoExecutor.java:212)
    at org.apache.maven.lifecycle.internal.MojoExecutor.execute (MojoExecutor.java:174)
    at org.apache.maven.lifecycle.internal.MojoExecutor.access$000 (MojoExecutor.java:75)
    at org.apache.maven.lifecycle.internal.MojoExecutor$1.run (MojoExecutor.java:162)
    at org.apache.maven.plugin.DefaultMojosExecutionStrategy.execute (DefaultMojosExecutionStrategy.java:39)
    at org.apache.maven.lifecycle.internal.MojoExecutor.execute (MojoExecutor.java:159)
    at org.apache.maven.lifecycle.internal.LifecycleModuleBuilder.buildProject (LifecycleModuleBuilder.java:105)
    at org.apache.maven.lifecycle.internal.LifecycleModuleBuilder.buildProject (LifecycleModuleBuilder.java:73)
    at org.apache.maven.lifecycle.internal.builder.singlethreaded.SingleThreadedBuilder.build (SingleThreadedBuilder.java:53)
    at org.apache.maven.lifecycle.internal.LifecycleStarter.execute (LifecycleStarter.java:118)
    at org.apache.maven.DefaultMaven.doExecute (DefaultMaven.java:261)
    at org.apache.maven.DefaultMaven.doExecute (DefaultMaven.java:173)
    at org.apache.maven.DefaultMaven.execute (DefaultMaven.java:101)
    at org.apache.maven.cli.MavenCli.execute (MavenCli.java:906)
    at org.apache.maven.cli.MavenCli.doMain (MavenCli.java:283)
    at org.apache.maven.cli.MavenCli.main (MavenCli.java:206)
    at jdk.internal.reflect.NativeMethodAccessorImpl.invoke0 (Native Method)
    at jdk.internal.reflect.NativeMethodAccessorImpl.invoke (NativeMethodAccessorImpl.java:77)
    at jdk.internal.reflect.DelegatingMethodAccessorImpl.invoke (DelegatingMethodAccessorImpl.java:43)
    at java.lang.reflect.Method.invoke (Method.java:568)
    at org.codehaus.plexus.classworlds.launcher.Launcher.launchEnhanced (Launcher.java:255)
    at org.codehaus.plexus.classworlds.launcher.Launcher.launch (Launcher.java:201)
    at org.codehaus.plexus.classworlds.launcher.Launcher.mainWithExitCode (Launcher.java:361)
    at org.codehaus.plexus.classworlds.launcher.Launcher.main (Launcher.java:314)
[ERROR] 
[ERROR] 
[ERROR] For more information about the errors and possible solutions, please read the following articles:
[ERROR] [Help 1] http://cwiki.apache.org/confluence/display/MAVEN/MojoFailureException
[DEBUG] Shutting down adapter factory; available factories [file-lock, rwlock-local, semaphore-local, noop]; available name mappers [discriminating, file-gav, file-hgav, file-static, gav, static]
[DEBUG] Shutting down 'file-lock' factory
[DEBUG] Shutting down 'rwlock-local' factory
[DEBUG] Shutting down 'semaphore-local' factory
[DEBUG] Shutting down 'noop' factory
